{"/Users/iant/dev/are-my-favourites-popular/src/auth.ts": {"path":"/Users/iant/dev/are-my-favourites-popular/src/auth.ts","statementMap":{"0":{"start":{"line":7,"column":19},"end":{"line":7,"column":null}},"1":{"start":{"line":8,"column":23},"end":{"line":8,"column":null}},"2":{"start":{"line":9,"column":2},"end":{"line":9,"column":null}},"3":{"start":{"line":9,"column":41},"end":{"line":9,"column":70}},"4":{"start":{"line":13,"column":18},"end":{"line":13,"column":null}},"5":{"start":{"line":14,"column":15},"end":{"line":14,"column":null}},"6":{"start":{"line":15,"column":17},"end":{"line":15,"column":null}},"7":{"start":{"line":17,"column":2},"end":{"line":17,"column":null}},"8":{"start":{"line":21,"column":16},"end":{"line":21,"column":null}},"9":{"start":{"line":22,"column":15},"end":{"line":22,"column":null}},"10":{"start":{"line":23,"column":2},"end":{"line":25,"column":null}},"11":{"start":{"line":23,"column":15},"end":{"line":23,"column":18}},"12":{"start":{"line":24,"column":4},"end":{"line":24,"column":null}},"13":{"start":{"line":26,"column":2},"end":{"line":29,"column":null}},"14":{"start":{"line":37,"column":19},"end":{"line":49,"column":null}},"15":{"start":{"line":51,"column":2},"end":{"line":54,"column":null}},"16":{"start":{"line":52,"column":18},"end":{"line":52,"column":null}},"17":{"start":{"line":53,"column":4},"end":{"line":53,"column":null}},"18":{"start":{"line":56,"column":2},"end":{"line":56,"column":null}},"19":{"start":{"line":60,"column":19},"end":{"line":70,"column":null}},"20":{"start":{"line":72,"column":2},"end":{"line":75,"column":null}},"21":{"start":{"line":73,"column":18},"end":{"line":73,"column":null}},"22":{"start":{"line":74,"column":4},"end":{"line":74,"column":null}},"23":{"start":{"line":77,"column":2},"end":{"line":77,"column":null}}},"fnMap":{"0":{"name":"generateCodeVerifier","decl":{"start":{"line":6,"column":16},"end":{"line":6,"column":37}},"loc":{"start":{"line":6,"column":58},"end":{"line":10,"column":null}},"line":6},"1":{"name":"(anonymous_1)","decl":{"start":{"line":9,"column":34},"end":{"line":9,"column":35}},"loc":{"start":{"line":9,"column":41},"end":{"line":9,"column":70}},"line":9},"2":{"name":"generateCodeChallenge","decl":{"start":{"line":12,"column":22},"end":{"line":12,"column":44}},"loc":{"start":{"line":12,"column":83},"end":{"line":18,"column":null}},"line":12},"3":{"name":"base64UrlEncode","decl":{"start":{"line":20,"column":9},"end":{"line":20,"column":25}},"loc":{"start":{"line":20,"column":59},"end":{"line":30,"column":null}},"line":20},"4":{"name":"exchangeCodeForToken","decl":{"start":{"line":32,"column":22},"end":{"line":32,"column":null}},"loc":{"start":{"line":36,"column":33},"end":{"line":57,"column":null}},"line":36},"5":{"name":"refreshAccessToken","decl":{"start":{"line":59,"column":22},"end":{"line":59,"column":41}},"loc":{"start":{"line":59,"column":94},"end":{"line":78,"column":null}},"line":59}},"branchMap":{"0":{"loc":{"start":{"line":6,"column":37},"end":{"line":6,"column":58}},"type":"default-arg","locations":[{"start":{"line":6,"column":46},"end":{"line":6,"column":58}}],"line":6},"1":{"loc":{"start":{"line":51,"column":2},"end":{"line":54,"column":null}},"type":"if","locations":[{"start":{"line":51,"column":2},"end":{"line":54,"column":null}},{"start":{},"end":{}}],"line":51},"2":{"loc":{"start":{"line":53,"column":20},"end":{"line":53,"column":70}},"type":"binary-expr","locations":[{"start":{"line":53,"column":20},"end":{"line":53,"column":47}},{"start":{"line":53,"column":47},"end":{"line":53,"column":70}}],"line":53},"3":{"loc":{"start":{"line":72,"column":2},"end":{"line":75,"column":null}},"type":"if","locations":[{"start":{"line":72,"column":2},"end":{"line":75,"column":null}},{"start":{},"end":{}}],"line":72},"4":{"loc":{"start":{"line":74,"column":20},"end":{"line":74,"column":69}},"type":"binary-expr","locations":[{"start":{"line":74,"column":20},"end":{"line":74,"column":47}},{"start":{"line":74,"column":47},"end":{"line":74,"column":69}}],"line":74}},"s":{"0":5,"1":5,"2":5,"3":384,"4":3,"5":3,"6":3,"7":3,"8":3,"9":3,"10":3,"11":3,"12":96,"13":3,"14":4,"15":4,"16":2,"17":2,"18":2,"19":4,"20":4,"21":2,"22":2,"23":2},"f":{"0":5,"1":384,"2":3,"3":3,"4":4,"5":4},"b":{"0":[5],"1":[2,2],"2":[2,1],"3":[2,2],"4":[2,1]},"meta":{"lastBranch":5,"lastFunction":6,"lastStatement":24,"seen":{"f:6:16:6:37":0,"b:6:46:6:58":0,"s:7:19:7:Infinity":0,"s:8:23:8:Infinity":1,"s:9:2:9:Infinity":2,"f:9:34:9:35":1,"s:9:41:9:70":3,"f:12:22:12:44":2,"s:13:18:13:Infinity":4,"s:14:15:14:Infinity":5,"s:15:17:15:Infinity":6,"s:17:2:17:Infinity":7,"f:20:9:20:25":3,"s:21:16:21:Infinity":8,"s:22:15:22:Infinity":9,"s:23:2:25:Infinity":10,"s:23:15:23:18":11,"s:24:4:24:Infinity":12,"s:26:2:29:Infinity":13,"f:32:22:32:Infinity":4,"s:37:19:49:Infinity":14,"b:51:2:54:Infinity:undefined:undefined:undefined:undefined":1,"s:51:2:54:Infinity":15,"s:52:18:52:Infinity":16,"s:53:4:53:Infinity":17,"b:53:20:53:47:53:47:53:70":2,"s:56:2:56:Infinity":18,"f:59:22:59:41":5,"s:60:19:70:Infinity":19,"b:72:2:75:Infinity:undefined:undefined:undefined:undefined":3,"s:72:2:75:Infinity":20,"s:73:18:73:Infinity":21,"s:74:4:74:Infinity":22,"b:74:20:74:47:74:47:74:69":4,"s:77:2:77:Infinity":23}}}
,"/Users/iant/dev/are-my-favourites-popular/src/config.ts": {"path":"/Users/iant/dev/are-my-favourites-popular/src/config.ts","statementMap":{"0":{"start":{"line":11,"column":27},"end":{"line":11,"column":null}},"1":{"start":{"line":14,"column":2},"end":{"line":14,"column":null}},"2":{"start":{"line":21,"column":0},"end":{"line":26,"column":null}},"3":{"start":{"line":22,"column":2},"end":{"line":25,"column":null}},"4":{"start":{"line":29,"column":32},"end":{"line":29,"column":null}},"5":{"start":{"line":30,"column":32},"end":{"line":30,"column":null}},"6":{"start":{"line":33,"column":30},"end":{"line":40,"column":null}}},"fnMap":{},"branchMap":{"0":{"loc":{"start":{"line":14,"column":2},"end":{"line":14,"column":null}},"type":"binary-expr","locations":[{"start":{"line":14,"column":2},"end":{"line":14,"column":44}},{"start":{"line":14,"column":44},"end":{"line":14,"column":null}}],"line":14},"1":{"loc":{"start":{"line":21,"column":0},"end":{"line":26,"column":null}},"type":"if","locations":[{"start":{"line":21,"column":0},"end":{"line":26,"column":null}},{"start":{},"end":{}}],"line":21},"2":{"loc":{"start":{"line":21,"column":4},"end":{"line":21,"column":69}},"type":"binary-expr","locations":[{"start":{"line":21,"column":4},"end":{"line":21,"column":28}},{"start":{"line":21,"column":28},"end":{"line":21,"column":69}}],"line":21}},"s":{"0":2,"1":2,"2":2,"3":0,"4":2,"5":2,"6":2},"f":{},"b":{"0":[2,0],"1":[0,2],"2":[2,0]},"meta":{"lastBranch":3,"lastFunction":0,"lastStatement":7,"seen":{"s:11:27:11:Infinity":0,"s:14:2:14:Infinity":1,"b:14:2:14:44:14:44:14:Infinity":0,"b:21:0:26:Infinity:undefined:undefined:undefined:undefined":1,"s:21:0:26:Infinity":2,"b:21:4:21:28:21:28:21:69":2,"s:22:2:25:Infinity":3,"s:29:32:29:Infinity":4,"s:30:32:30:Infinity":5,"s:33:30:40:Infinity":6}}}
,"/Users/iant/dev/are-my-favourites-popular/src/cache/CacheService.ts": {"path":"/Users/iant/dev/are-my-favourites-popular/src/cache/CacheService.ts","statementMap":{"0":{"start":{"line":13,"column":12},"end":{"line":13,"column":null}},"1":{"start":{"line":25,"column":4},"end":{"line":25,"column":null}},"2":{"start":{"line":26,"column":4},"end":{"line":26,"column":null}},"3":{"start":{"line":27,"column":4},"end":{"line":27,"column":null}},"4":{"start":{"line":29,"column":4},"end":{"line":29,"column":null}},"5":{"start":{"line":30,"column":4},"end":{"line":30,"column":null}},"6":{"start":{"line":38,"column":4},"end":{"line":40,"column":null}},"7":{"start":{"line":39,"column":6},"end":{"line":39,"column":null}},"8":{"start":{"line":43,"column":4},"end":{"line":47,"column":null}},"9":{"start":{"line":44,"column":6},"end":{"line":44,"column":null}},"10":{"start":{"line":45,"column":6},"end":{"line":45,"column":null}},"11":{"start":{"line":46,"column":6},"end":{"line":46,"column":null}},"12":{"start":{"line":50,"column":4},"end":{"line":54,"column":null}},"13":{"start":{"line":51,"column":6},"end":{"line":51,"column":null}},"14":{"start":{"line":52,"column":6},"end":{"line":52,"column":null}},"15":{"start":{"line":53,"column":6},"end":{"line":53,"column":null}},"16":{"start":{"line":57,"column":4},"end":{"line":57,"column":null}},"17":{"start":{"line":58,"column":4},"end":{"line":58,"column":null}},"18":{"start":{"line":59,"column":4},"end":{"line":59,"column":null}},"19":{"start":{"line":60,"column":4},"end":{"line":60,"column":null}},"20":{"start":{"line":67,"column":4},"end":{"line":69,"column":null}},"21":{"start":{"line":68,"column":6},"end":{"line":68,"column":null}},"22":{"start":{"line":77,"column":4},"end":{"line":77,"column":null}},"23":{"start":{"line":77,"column":49},"end":{"line":77,"column":null}},"24":{"start":{"line":78,"column":4},"end":{"line":78,"column":null}},"25":{"start":{"line":78,"column":52},"end":{"line":78,"column":null}},"26":{"start":{"line":79,"column":4},"end":{"line":79,"column":null}},"27":{"start":{"line":79,"column":46},"end":{"line":79,"column":null}},"28":{"start":{"line":80,"column":4},"end":{"line":80,"column":null}},"29":{"start":{"line":87,"column":4},"end":{"line":87,"column":null}},"30":{"start":{"line":89,"column":4},"end":{"line":94,"column":null}},"31":{"start":{"line":90,"column":6},"end":{"line":90,"column":null}},"32":{"start":{"line":92,"column":6},"end":{"line":92,"column":null}},"33":{"start":{"line":93,"column":6},"end":{"line":93,"column":null}},"34":{"start":{"line":102,"column":4},"end":{"line":102,"column":null}},"35":{"start":{"line":104,"column":4},"end":{"line":113,"column":null}},"36":{"start":{"line":105,"column":22},"end":{"line":105,"column":null}},"37":{"start":{"line":106,"column":6},"end":{"line":106,"column":null}},"38":{"start":{"line":106,"column":19},"end":{"line":106,"column":null}},"39":{"start":{"line":109,"column":6},"end":{"line":109,"column":null}},"40":{"start":{"line":111,"column":6},"end":{"line":111,"column":null}},"41":{"start":{"line":112,"column":6},"end":{"line":112,"column":null}},"42":{"start":{"line":120,"column":4},"end":{"line":120,"column":null}},"43":{"start":{"line":122,"column":4},"end":{"line":126,"column":null}},"44":{"start":{"line":123,"column":6},"end":{"line":123,"column":null}},"45":{"start":{"line":125,"column":6},"end":{"line":125,"column":null}},"46":{"start":{"line":133,"column":4},"end":{"line":133,"column":null}},"47":{"start":{"line":135,"column":4},"end":{"line":145,"column":null}},"48":{"start":{"line":137,"column":6},"end":{"line":141,"column":null}},"49":{"start":{"line":142,"column":6},"end":{"line":142,"column":null}},"50":{"start":{"line":144,"column":6},"end":{"line":144,"column":null}},"51":{"start":{"line":152,"column":4},"end":{"line":152,"column":null}},"52":{"start":{"line":154,"column":4},"end":{"line":158,"column":null}},"53":{"start":{"line":155,"column":6},"end":{"line":155,"column":null}},"54":{"start":{"line":157,"column":6},"end":{"line":157,"column":null}},"55":{"start":{"line":165,"column":4},"end":{"line":165,"column":null}},"56":{"start":{"line":167,"column":4},"end":{"line":171,"column":null}},"57":{"start":{"line":168,"column":6},"end":{"line":168,"column":null}},"58":{"start":{"line":170,"column":6},"end":{"line":170,"column":null}},"59":{"start":{"line":179,"column":4},"end":{"line":179,"column":null}},"60":{"start":{"line":181,"column":4},"end":{"line":186,"column":null}},"61":{"start":{"line":182,"column":6},"end":{"line":182,"column":null}},"62":{"start":{"line":184,"column":6},"end":{"line":184,"column":null}},"63":{"start":{"line":185,"column":6},"end":{"line":185,"column":null}},"64":{"start":{"line":193,"column":4},"end":{"line":193,"column":null}},"65":{"start":{"line":193,"column":27},"end":{"line":193,"column":null}},"66":{"start":{"line":194,"column":4},"end":{"line":194,"column":null}},"67":{"start":{"line":202,"column":4},"end":{"line":209,"column":null}},"68":{"start":{"line":203,"column":6},"end":{"line":208,"column":null}},"69":{"start":{"line":204,"column":23},"end":{"line":204,"column":null}},"70":{"start":{"line":205,"column":8},"end":{"line":205,"column":null}},"71":{"start":{"line":205,"column":20},"end":{"line":205,"column":null}},"72":{"start":{"line":212,"column":4},"end":{"line":218,"column":null}},"73":{"start":{"line":213,"column":6},"end":{"line":217,"column":null}},"74":{"start":{"line":214,"column":8},"end":{"line":214,"column":null}},"75":{"start":{"line":220,"column":4},"end":{"line":220,"column":null}},"76":{"start":{"line":228,"column":19},"end":{"line":228,"column":null}},"77":{"start":{"line":229,"column":24},"end":{"line":229,"column":null}},"78":{"start":{"line":232,"column":4},"end":{"line":243,"column":null}},"79":{"start":{"line":233,"column":6},"end":{"line":242,"column":null}},"80":{"start":{"line":234,"column":28},"end":{"line":234,"column":null}},"81":{"start":{"line":235,"column":8},"end":{"line":237,"column":null}},"82":{"start":{"line":236,"column":10},"end":{"line":236,"column":null}},"83":{"start":{"line":239,"column":8},"end":{"line":239,"column":null}},"84":{"start":{"line":239,"column":52},"end":{"line":239,"column":73}},"85":{"start":{"line":246,"column":4},"end":{"line":255,"column":null}},"86":{"start":{"line":247,"column":6},"end":{"line":254,"column":null}},"87":{"start":{"line":248,"column":29},"end":{"line":248,"column":null}},"88":{"start":{"line":249,"column":8},"end":{"line":251,"column":null}},"89":{"start":{"line":250,"column":10},"end":{"line":250,"column":null}},"90":{"start":{"line":257,"column":4},"end":{"line":257,"column":null}},"91":{"start":{"line":265,"column":4},"end":{"line":276,"column":null}},"92":{"start":{"line":266,"column":6},"end":{"line":275,"column":null}},"93":{"start":{"line":267,"column":24},"end":{"line":267,"column":null}},"94":{"start":{"line":268,"column":8},"end":{"line":272,"column":null}},"95":{"start":{"line":270,"column":10},"end":{"line":270,"column":null}},"96":{"start":{"line":271,"column":10},"end":{"line":271,"column":null}},"97":{"start":{"line":279,"column":4},"end":{"line":290,"column":null}},"98":{"start":{"line":280,"column":6},"end":{"line":289,"column":null}},"99":{"start":{"line":281,"column":24},"end":{"line":281,"column":null}},"100":{"start":{"line":282,"column":8},"end":{"line":286,"column":null}},"101":{"start":{"line":284,"column":10},"end":{"line":284,"column":null}},"102":{"start":{"line":285,"column":10},"end":{"line":285,"column":null}},"103":{"start":{"line":292,"column":4},"end":{"line":292,"column":null}},"104":{"start":{"line":297,"column":48},"end":{"line":297,"column":null}},"105":{"start":{"line":303,"column":2},"end":{"line":305,"column":null}},"106":{"start":{"line":304,"column":4},"end":{"line":304,"column":null}},"107":{"start":{"line":306,"column":2},"end":{"line":306,"column":null}}},"fnMap":{"0":{"name":"(anonymous_0)","decl":{"start":{"line":24,"column":2},"end":{"line":24,"column":16}},"loc":{"start":{"line":24,"column":16},"end":{"line":31,"column":null}},"line":24},"1":{"name":"(anonymous_1)","decl":{"start":{"line":37,"column":8},"end":{"line":37,"column":33}},"loc":{"start":{"line":37,"column":33},"end":{"line":61,"column":null}},"line":37},"2":{"name":"(anonymous_2)","decl":{"start":{"line":66,"column":16},"end":{"line":66,"column":45}},"loc":{"start":{"line":66,"column":45},"end":{"line":70,"column":null}},"line":66},"3":{"name":"(anonymous_3)","decl":{"start":{"line":76,"column":2},"end":{"line":76,"column":33}},"loc":{"start":{"line":76,"column":33},"end":{"line":81,"column":null}},"line":76},"4":{"name":"(anonymous_4)","decl":{"start":{"line":86,"column":8},"end":{"line":86,"column":15}},"loc":{"start":{"line":86,"column":66},"end":{"line":95,"column":null}},"line":86},"5":{"name":"(anonymous_5)","decl":{"start":{"line":101,"column":8},"end":{"line":101,"column":15}},"loc":{"start":{"line":101,"column":75},"end":{"line":114,"column":null}},"line":101},"6":{"name":"(anonymous_6)","decl":{"start":{"line":119,"column":8},"end":{"line":119,"column":15}},"loc":{"start":{"line":119,"column":65},"end":{"line":127,"column":null}},"line":119},"7":{"name":"(anonymous_7)","decl":{"start":{"line":132,"column":8},"end":{"line":132,"column":14}},"loc":{"start":{"line":132,"column":65},"end":{"line":146,"column":null}},"line":132},"8":{"name":"(anonymous_8)","decl":{"start":{"line":138,"column":47},"end":{"line":138,"column":53}},"loc":{"start":{"line":138,"column":53},"end":{"line":138,"column":55}},"line":138},"9":{"name":"(anonymous_9)","decl":{"start":{"line":139,"column":50},"end":{"line":139,"column":56}},"loc":{"start":{"line":139,"column":56},"end":{"line":139,"column":58}},"line":139},"10":{"name":"(anonymous_10)","decl":{"start":{"line":151,"column":8},"end":{"line":151,"column":13}},"loc":{"start":{"line":151,"column":67},"end":{"line":159,"column":null}},"line":151},"11":{"name":"(anonymous_11)","decl":{"start":{"line":164,"column":8},"end":{"line":164,"column":18}},"loc":{"start":{"line":164,"column":51},"end":{"line":172,"column":null}},"line":164},"12":{"name":"(anonymous_12)","decl":{"start":{"line":178,"column":8},"end":{"line":178,"column":19}},"loc":{"start":{"line":178,"column":79},"end":{"line":187,"column":null}},"line":178},"13":{"name":"(anonymous_13)","decl":{"start":{"line":192,"column":2},"end":{"line":192,"column":12}},"loc":{"start":{"line":192,"column":64},"end":{"line":195,"column":null}},"line":192},"14":{"name":"(anonymous_14)","decl":{"start":{"line":200,"column":16},"end":{"line":200,"column":35}},"loc":{"start":{"line":200,"column":86},"end":{"line":221,"column":null}},"line":200},"15":{"name":"(anonymous_15)","decl":{"start":{"line":227,"column":16},"end":{"line":227,"column":39}},"loc":{"start":{"line":227,"column":99},"end":{"line":258,"column":null}},"line":227},"16":{"name":"(anonymous_16)","decl":{"start":{"line":239,"column":45},"end":{"line":239,"column":52}},"loc":{"start":{"line":239,"column":52},"end":{"line":239,"column":73}},"line":239},"17":{"name":"(anonymous_17)","decl":{"start":{"line":263,"column":16},"end":{"line":263,"column":35}},"loc":{"start":{"line":263,"column":95},"end":{"line":293,"column":null}},"line":263},"18":{"name":"getCacheService","decl":{"start":{"line":302,"column":16},"end":{"line":302,"column":48}},"loc":{"start":{"line":302,"column":48},"end":{"line":307,"column":null}},"line":302}},"branchMap":{"0":{"loc":{"start":{"line":38,"column":4},"end":{"line":40,"column":null}},"type":"if","locations":[{"start":{"line":38,"column":4},"end":{"line":40,"column":null}},{"start":{},"end":{}}],"line":38},"1":{"loc":{"start":{"line":43,"column":4},"end":{"line":47,"column":null}},"type":"if","locations":[{"start":{"line":43,"column":4},"end":{"line":47,"column":null}},{"start":{},"end":{}}],"line":43},"2":{"loc":{"start":{"line":50,"column":4},"end":{"line":54,"column":null}},"type":"if","locations":[{"start":{"line":50,"column":4},"end":{"line":54,"column":null}},{"start":{},"end":{}}],"line":50},"3":{"loc":{"start":{"line":67,"column":4},"end":{"line":69,"column":null}},"type":"if","locations":[{"start":{"line":67,"column":4},"end":{"line":69,"column":null}},{"start":{},"end":{}}],"line":67},"4":{"loc":{"start":{"line":77,"column":4},"end":{"line":77,"column":null}},"type":"if","locations":[{"start":{"line":77,"column":4},"end":{"line":77,"column":null}},{"start":{},"end":{}}],"line":77},"5":{"loc":{"start":{"line":78,"column":4},"end":{"line":78,"column":null}},"type":"if","locations":[{"start":{"line":78,"column":4},"end":{"line":78,"column":null}},{"start":{},"end":{}}],"line":78},"6":{"loc":{"start":{"line":79,"column":4},"end":{"line":79,"column":null}},"type":"if","locations":[{"start":{"line":79,"column":4},"end":{"line":79,"column":null}},{"start":{},"end":{}}],"line":79},"7":{"loc":{"start":{"line":106,"column":6},"end":{"line":106,"column":null}},"type":"if","locations":[{"start":{"line":106,"column":6},"end":{"line":106,"column":null}},{"start":{},"end":{}}],"line":106},"8":{"loc":{"start":{"line":132,"column":14},"end":{"line":132,"column":65}},"type":"default-arg","locations":[{"start":{"line":132,"column":41},"end":{"line":132,"column":65}}],"line":132},"9":{"loc":{"start":{"line":193,"column":4},"end":{"line":193,"column":null}},"type":"if","locations":[{"start":{"line":193,"column":4},"end":{"line":193,"column":null}},{"start":{},"end":{}}],"line":193},"10":{"loc":{"start":{"line":193,"column":8},"end":{"line":193,"column":27}},"type":"binary-expr","locations":[{"start":{"line":193,"column":8},"end":{"line":193,"column":21}},{"start":{"line":193,"column":21},"end":{"line":193,"column":27}}],"line":193},"11":{"loc":{"start":{"line":202,"column":4},"end":{"line":209,"column":null}},"type":"if","locations":[{"start":{"line":202,"column":4},"end":{"line":209,"column":null}},{"start":{},"end":{}}],"line":202},"12":{"loc":{"start":{"line":205,"column":8},"end":{"line":205,"column":null}},"type":"if","locations":[{"start":{"line":205,"column":8},"end":{"line":205,"column":null}},{"start":{},"end":{}}],"line":205},"13":{"loc":{"start":{"line":212,"column":4},"end":{"line":218,"column":null}},"type":"if","locations":[{"start":{"line":212,"column":4},"end":{"line":218,"column":null}},{"start":{},"end":{}}],"line":212},"14":{"loc":{"start":{"line":232,"column":4},"end":{"line":243,"column":null}},"type":"if","locations":[{"start":{"line":232,"column":4},"end":{"line":243,"column":null}},{"start":{},"end":{}}],"line":232},"15":{"loc":{"start":{"line":232,"column":8},"end":{"line":232,"column":80}},"type":"binary-expr","locations":[{"start":{"line":232,"column":8},"end":{"line":232,"column":54}},{"start":{"line":232,"column":54},"end":{"line":232,"column":80}}],"line":232},"16":{"loc":{"start":{"line":246,"column":4},"end":{"line":255,"column":null}},"type":"if","locations":[{"start":{"line":246,"column":4},"end":{"line":255,"column":null}},{"start":{},"end":{}}],"line":246},"17":{"loc":{"start":{"line":246,"column":8},"end":{"line":246,"column":74}},"type":"binary-expr","locations":[{"start":{"line":246,"column":8},"end":{"line":246,"column":48}},{"start":{"line":246,"column":48},"end":{"line":246,"column":74}}],"line":246},"18":{"loc":{"start":{"line":265,"column":4},"end":{"line":276,"column":null}},"type":"if","locations":[{"start":{"line":265,"column":4},"end":{"line":276,"column":null}},{"start":{},"end":{}}],"line":265},"19":{"loc":{"start":{"line":268,"column":8},"end":{"line":272,"column":null}},"type":"if","locations":[{"start":{"line":268,"column":8},"end":{"line":272,"column":null}},{"start":{},"end":{}}],"line":268},"20":{"loc":{"start":{"line":279,"column":4},"end":{"line":290,"column":null}},"type":"if","locations":[{"start":{"line":279,"column":4},"end":{"line":290,"column":null}},{"start":{},"end":{}}],"line":279},"21":{"loc":{"start":{"line":282,"column":8},"end":{"line":286,"column":null}},"type":"if","locations":[{"start":{"line":282,"column":8},"end":{"line":286,"column":null}},{"start":{},"end":{}}],"line":282},"22":{"loc":{"start":{"line":303,"column":2},"end":{"line":305,"column":null}},"type":"if","locations":[{"start":{"line":303,"column":2},"end":{"line":305,"column":null}},{"start":{},"end":{}}],"line":303}},"s":{"0":1,"1":33,"2":33,"3":33,"4":33,"5":33,"6":22,"7":1,"8":21,"9":19,"10":19,"11":19,"12":2,"13":1,"14":1,"15":1,"16":1,"17":1,"18":1,"19":1,"20":17,"21":1,"22":4,"23":1,"24":3,"25":1,"26":2,"27":1,"28":1,"29":4,"30":4,"31":4,"32":1,"33":1,"34":3,"35":3,"36":3,"37":3,"38":1,"39":2,"40":0,"41":0,"42":2,"43":2,"44":2,"45":1,"46":2,"47":2,"48":2,"49":2,"50":0,"51":2,"52":2,"53":2,"54":1,"55":2,"56":2,"57":2,"58":1,"59":2,"60":2,"61":2,"62":1,"63":1,"64":4,"65":2,"66":2,"67":1,"68":1,"69":1,"70":1,"71":1,"72":0,"73":0,"74":0,"75":0,"76":1,"77":1,"78":1,"79":1,"80":1,"81":1,"82":1,"83":1,"84":1,"85":1,"86":0,"87":0,"88":0,"89":0,"90":1,"91":2,"92":2,"93":2,"94":2,"95":1,"96":1,"97":1,"98":1,"99":1,"100":1,"101":1,"102":1,"103":0,"104":1,"105":2,"106":1,"107":2},"f":{"0":33,"1":22,"2":17,"3":4,"4":4,"5":3,"6":2,"7":2,"8":0,"9":0,"10":2,"11":2,"12":2,"13":4,"14":1,"15":1,"16":1,"17":2,"18":2},"b":{"0":[1,21],"1":[19,2],"2":[1,1],"3":[1,16],"4":[1,3],"5":[1,2],"6":[1,1],"7":[1,2],"8":[2],"9":[2,2],"10":[4,3],"11":[1,0],"12":[1,0],"13":[0,0],"14":[1,0],"15":[1,1],"16":[0,1],"17":[1,1],"18":[2,0],"19":[1,1],"20":[1,0],"21":[1,0],"22":[1,1]},"meta":{"lastBranch":23,"lastFunction":19,"lastStatement":108,"seen":{"s:13:12:13:Infinity":0,"f:24:2:24:16":0,"s:25:4:25:Infinity":1,"s:26:4:26:Infinity":2,"s:27:4:27:Infinity":3,"s:29:4:29:Infinity":4,"s:30:4:30:Infinity":5,"f:37:8:37:33":1,"b:38:4:40:Infinity:undefined:undefined:undefined:undefined":0,"s:38:4:40:Infinity":6,"s:39:6:39:Infinity":7,"b:43:4:47:Infinity:undefined:undefined:undefined:undefined":1,"s:43:4:47:Infinity":8,"s:44:6:44:Infinity":9,"s:45:6:45:Infinity":10,"s:46:6:46:Infinity":11,"b:50:4:54:Infinity:undefined:undefined:undefined:undefined":2,"s:50:4:54:Infinity":12,"s:51:6:51:Infinity":13,"s:52:6:52:Infinity":14,"s:53:6:53:Infinity":15,"s:57:4:57:Infinity":16,"s:58:4:58:Infinity":17,"s:59:4:59:Infinity":18,"s:60:4:60:Infinity":19,"f:66:16:66:45":2,"b:67:4:69:Infinity:undefined:undefined:undefined:undefined":3,"s:67:4:69:Infinity":20,"s:68:6:68:Infinity":21,"f:76:2:76:33":3,"b:77:4:77:Infinity:undefined:undefined:undefined:undefined":4,"s:77:4:77:Infinity":22,"s:77:49:77:Infinity":23,"b:78:4:78:Infinity:undefined:undefined:undefined:undefined":5,"s:78:4:78:Infinity":24,"s:78:52:78:Infinity":25,"b:79:4:79:Infinity:undefined:undefined:undefined:undefined":6,"s:79:4:79:Infinity":26,"s:79:46:79:Infinity":27,"s:80:4:80:Infinity":28,"f:86:8:86:15":4,"s:87:4:87:Infinity":29,"s:89:4:94:Infinity":30,"s:90:6:90:Infinity":31,"s:92:6:92:Infinity":32,"s:93:6:93:Infinity":33,"f:101:8:101:15":5,"s:102:4:102:Infinity":34,"s:104:4:113:Infinity":35,"s:105:22:105:Infinity":36,"b:106:6:106:Infinity:undefined:undefined:undefined:undefined":7,"s:106:6:106:Infinity":37,"s:106:19:106:Infinity":38,"s:109:6:109:Infinity":39,"s:111:6:111:Infinity":40,"s:112:6:112:Infinity":41,"f:119:8:119:15":6,"s:120:4:120:Infinity":42,"s:122:4:126:Infinity":43,"s:123:6:123:Infinity":44,"s:125:6:125:Infinity":45,"f:132:8:132:14":7,"b:132:41:132:65":8,"s:133:4:133:Infinity":46,"s:135:4:145:Infinity":47,"s:137:6:141:Infinity":48,"f:138:47:138:53":8,"f:139:50:139:56":9,"s:142:6:142:Infinity":49,"s:144:6:144:Infinity":50,"f:151:8:151:13":10,"s:152:4:152:Infinity":51,"s:154:4:158:Infinity":52,"s:155:6:155:Infinity":53,"s:157:6:157:Infinity":54,"f:164:8:164:18":11,"s:165:4:165:Infinity":55,"s:167:4:171:Infinity":56,"s:168:6:168:Infinity":57,"s:170:6:170:Infinity":58,"f:178:8:178:19":12,"s:179:4:179:Infinity":59,"s:181:4:186:Infinity":60,"s:182:6:182:Infinity":61,"s:184:6:184:Infinity":62,"s:185:6:185:Infinity":63,"f:192:2:192:12":13,"b:193:4:193:Infinity:undefined:undefined:undefined:undefined":9,"s:193:4:193:Infinity":64,"b:193:8:193:21:193:21:193:27":10,"s:193:27:193:Infinity":65,"s:194:4:194:Infinity":66,"f:200:16:200:35":14,"b:202:4:209:Infinity:undefined:undefined:undefined:undefined":11,"s:202:4:209:Infinity":67,"s:203:6:208:Infinity":68,"s:204:23:204:Infinity":69,"b:205:8:205:Infinity:undefined:undefined:undefined:undefined":12,"s:205:8:205:Infinity":70,"s:205:20:205:Infinity":71,"b:212:4:218:Infinity:undefined:undefined:undefined:undefined":13,"s:212:4:218:Infinity":72,"s:213:6:217:Infinity":73,"s:214:8:214:Infinity":74,"s:220:4:220:Infinity":75,"f:227:16:227:39":15,"s:228:19:228:Infinity":76,"s:229:24:229:Infinity":77,"b:232:4:243:Infinity:undefined:undefined:undefined:undefined":14,"s:232:4:243:Infinity":78,"b:232:8:232:54:232:54:232:80":15,"s:233:6:242:Infinity":79,"s:234:28:234:Infinity":80,"s:235:8:237:Infinity":81,"s:236:10:236:Infinity":82,"s:239:8:239:Infinity":83,"f:239:45:239:52":16,"s:239:52:239:73":84,"b:246:4:255:Infinity:undefined:undefined:undefined:undefined":16,"s:246:4:255:Infinity":85,"b:246:8:246:48:246:48:246:74":17,"s:247:6:254:Infinity":86,"s:248:29:248:Infinity":87,"s:249:8:251:Infinity":88,"s:250:10:250:Infinity":89,"s:257:4:257:Infinity":90,"f:263:16:263:35":17,"b:265:4:276:Infinity:undefined:undefined:undefined:undefined":18,"s:265:4:276:Infinity":91,"s:266:6:275:Infinity":92,"s:267:24:267:Infinity":93,"b:268:8:272:Infinity:undefined:undefined:undefined:undefined":19,"s:268:8:272:Infinity":94,"s:270:10:270:Infinity":95,"s:271:10:271:Infinity":96,"b:279:4:290:Infinity:undefined:undefined:undefined:undefined":20,"s:279:4:290:Infinity":97,"s:280:6:289:Infinity":98,"s:281:24:281:Infinity":99,"b:282:8:286:Infinity:undefined:undefined:undefined:undefined":21,"s:282:8:286:Infinity":100,"s:284:10:284:Infinity":101,"s:285:10:285:Infinity":102,"s:292:4:292:Infinity":103,"s:297:48:297:Infinity":104,"f:302:16:302:48":18,"b:303:2:305:Infinity:undefined:undefined:undefined:undefined":22,"s:303:2:305:Infinity":105,"s:304:4:304:Infinity":106,"s:306:2:306:Infinity":107}}}
,"/Users/iant/dev/are-my-favourites-popular/src/constants/index.ts": {"path":"/Users/iant/dev/are-my-favourites-popular/src/constants/index.ts","statementMap":{"0":{"start":{"line":12,"column":23},"end":{"line":21,"column":null}},"1":{"start":{"line":27,"column":22},"end":{"line":45,"column":null}},"2":{"start":{"line":51,"column":21},"end":{"line":69,"column":null}},"3":{"start":{"line":75,"column":20},"end":{"line":81,"column":null}},"4":{"start":{"line":87,"column":26},"end":{"line":102,"column":null}}},"fnMap":{},"branchMap":{},"s":{"0":2,"1":2,"2":2,"3":2,"4":2},"f":{},"b":{},"meta":{"lastBranch":0,"lastFunction":0,"lastStatement":5,"seen":{"s:12:23:21:Infinity":0,"s:27:22:45:Infinity":1,"s:51:21:69:Infinity":2,"s:75:20:81:Infinity":3,"s:87:26:102:Infinity":4}}}
,"/Users/iant/dev/are-my-favourites-popular/src/hooks/useChartConfig.ts": {"path":"/Users/iant/dev/are-my-favourites-popular/src/hooks/useChartConfig.ts","statementMap":{"0":{"start":{"line":47,"column":38},"end":{"line":52,"column":null}},"1":{"start":{"line":55,"column":27},"end":{"line":55,"column":null}},"2":{"start":{"line":56,"column":25},"end":{"line":56,"column":null}},"3":{"start":{"line":57,"column":25},"end":{"line":57,"column":null}},"4":{"start":{"line":58,"column":32},"end":{"line":58,"column":null}},"5":{"start":{"line":61,"column":20},"end":{"line":61,"column":null}},"6":{"start":{"line":62,"column":29},"end":{"line":62,"column":null}},"7":{"start":{"line":71,"column":22},"end":{"line":71,"column":null}},"8":{"start":{"line":73,"column":2},"end":{"line":126,"column":null}},"9":{"start":{"line":74,"column":22},"end":{"line":74,"column":null}},"10":{"start":{"line":75,"column":4},"end":{"line":75,"column":null}},"11":{"start":{"line":75,"column":20},"end":{"line":75,"column":null}},"12":{"start":{"line":78,"column":21},"end":{"line":78,"column":null}},"13":{"start":{"line":81,"column":20},"end":{"line":98,"column":null}},"14":{"start":{"line":82,"column":19},"end":{"line":82,"column":null}},"15":{"start":{"line":83,"column":6},"end":{"line":97,"column":null}},"16":{"start":{"line":84,"column":23},"end":{"line":87,"column":null}},"17":{"start":{"line":88,"column":8},"end":{"line":88,"column":null}},"18":{"start":{"line":89,"column":6},"end":{"line":97,"column":null}},"19":{"start":{"line":91,"column":8},"end":{"line":91,"column":null}},"20":{"start":{"line":92,"column":8},"end":{"line":92,"column":null}},"21":{"start":{"line":95,"column":8},"end":{"line":95,"column":null}},"22":{"start":{"line":96,"column":8},"end":{"line":96,"column":null}},"23":{"start":{"line":101,"column":4},"end":{"line":101,"column":null}},"24":{"start":{"line":104,"column":21},"end":{"line":119,"column":null}},"25":{"start":{"line":105,"column":6},"end":{"line":105,"column":null}},"26":{"start":{"line":106,"column":6},"end":{"line":118,"column":null}},"27":{"start":{"line":107,"column":22},"end":{"line":107,"column":null}},"28":{"start":{"line":108,"column":8},"end":{"line":117,"column":null}},"29":{"start":{"line":109,"column":28},"end":{"line":109,"column":null}},"30":{"start":{"line":110,"column":10},"end":{"line":116,"column":null}},"31":{"start":{"line":111,"column":27},"end":{"line":114,"column":null}},"32":{"start":{"line":115,"column":12},"end":{"line":115,"column":null}},"33":{"start":{"line":121,"column":4},"end":{"line":121,"column":null}},"34":{"start":{"line":122,"column":4},"end":{"line":125,"column":null}},"35":{"start":{"line":123,"column":6},"end":{"line":123,"column":null}},"36":{"start":{"line":124,"column":6},"end":{"line":124,"column":null}},"37":{"start":{"line":129,"column":2},"end":{"line":129,"column":null}},"38":{"start":{"line":141,"column":16},"end":{"line":141,"column":null}},"39":{"start":{"line":142,"column":17},"end":{"line":142,"column":null}},"40":{"start":{"line":144,"column":2},"end":{"line":150,"column":null}},"41":{"start":{"line":157,"column":2},"end":{"line":160,"column":null}},"42":{"start":{"line":158,"column":14},"end":{"line":158,"column":null}},"43":{"start":{"line":159,"column":4},"end":{"line":159,"column":null}},"44":{"start":{"line":167,"column":2},"end":{"line":167,"column":null}},"45":{"start":{"line":167,"column":19},"end":{"line":167,"column":null}},"46":{"start":{"line":168,"column":2},"end":{"line":168,"column":null}},"47":{"start":{"line":168,"column":19},"end":{"line":168,"column":null}},"48":{"start":{"line":169,"column":2},"end":{"line":169,"column":null}},"49":{"start":{"line":169,"column":20},"end":{"line":169,"column":null}},"50":{"start":{"line":170,"column":2},"end":{"line":170,"column":null}},"51":{"start":{"line":184,"column":2},"end":{"line":230,"column":null}},"52":{"start":{"line":186,"column":4},"end":{"line":186,"column":null}},"53":{"start":{"line":186,"column":58},"end":{"line":186,"column":null}},"54":{"start":{"line":189,"column":25},"end":{"line":191,"column":null}},"55":{"start":{"line":190,"column":16},"end":{"line":190,"column":null}},"56":{"start":{"line":194,"column":23},"end":{"line":194,"column":null}},"57":{"start":{"line":195,"column":39},"end":{"line":195,"column":null}},"58":{"start":{"line":198,"column":10},"end":{"line":198,"column":null}},"59":{"start":{"line":198,"column":59},"end":{"line":198,"column":79}},"60":{"start":{"line":199,"column":18},"end":{"line":199,"column":null}},"61":{"start":{"line":200,"column":10},"end":{"line":200,"column":null}},"62":{"start":{"line":200,"column":63},"end":{"line":200,"column":81}},"63":{"start":{"line":203,"column":17},"end":{"line":203,"column":null}},"64":{"start":{"line":204,"column":10},"end":{"line":209,"column":null}},"65":{"start":{"line":211,"column":10},"end":{"line":213,"column":null}},"66":{"start":{"line":216,"column":24},"end":{"line":216,"column":null}},"67":{"start":{"line":217,"column":10},"end":{"line":220,"column":null}},"68":{"start":{"line":222,"column":18},"end":{"line":222,"column":null}},"69":{"start":{"line":224,"column":4},"end":{"line":229,"column":null}}},"fnMap":{"0":{"name":"useContainerSize","decl":{"start":{"line":68,"column":16},"end":{"line":68,"column":null}},"loc":{"start":{"line":70,"column":44},"end":{"line":130,"column":null}},"line":70},"1":{"name":"(anonymous_1)","decl":{"start":{"line":73,"column":18},"end":{"line":73,"column":24}},"loc":{"start":{"line":73,"column":24},"end":{"line":126,"column":5}},"line":73},"2":{"name":"(anonymous_2)","decl":{"start":{"line":81,"column":20},"end":{"line":81,"column":32}},"loc":{"start":{"line":81,"column":32},"end":{"line":98,"column":null}},"line":81},"3":{"name":"(anonymous_3)","decl":{"start":{"line":104,"column":40},"end":{"line":104,"column":41}},"loc":{"start":{"line":104,"column":53},"end":{"line":119,"column":5}},"line":104},"4":{"name":"(anonymous_4)","decl":{"start":{"line":106,"column":36},"end":{"line":106,"column":42}},"loc":{"start":{"line":106,"column":42},"end":{"line":118,"column":7}},"line":106},"5":{"name":"(anonymous_5)","decl":{"start":{"line":122,"column":11},"end":{"line":122,"column":17}},"loc":{"start":{"line":122,"column":17},"end":{"line":125,"column":null}},"line":122},"6":{"name":"calculateDimensions","decl":{"start":{"line":135,"column":9},"end":{"line":135,"column":null}},"loc":{"start":{"line":139,"column":19},"end":{"line":151,"column":null}},"line":139},"7":{"name":"createColorScale","decl":{"start":{"line":156,"column":9},"end":{"line":156,"column":60}},"loc":{"start":{"line":156,"column":60},"end":{"line":161,"column":null}},"line":156},"8":{"name":"(anonymous_8)","decl":{"start":{"line":157,"column":9},"end":{"line":157,"column":10}},"loc":{"start":{"line":157,"column":41},"end":{"line":160,"column":null}},"line":157},"9":{"name":"getRadiusRange","decl":{"start":{"line":166,"column":9},"end":{"line":166,"column":24}},"loc":{"start":{"line":166,"column":57},"end":{"line":171,"column":null}},"line":166},"10":{"name":"useChartConfig","decl":{"start":{"line":180,"column":16},"end":{"line":180,"column":null}},"loc":{"start":{"line":183,"column":22},"end":{"line":231,"column":null}},"line":183},"11":{"name":"(anonymous_11)","decl":{"start":{"line":184,"column":17},"end":{"line":184,"column":23}},"loc":{"start":{"line":184,"column":23},"end":{"line":230,"column":5}},"line":184},"12":{"name":"(anonymous_12)","decl":{"start":{"line":190,"column":6},"end":{"line":190,"column":7}},"loc":{"start":{"line":190,"column":16},"end":{"line":190,"column":null}},"line":190},"13":{"name":"(anonymous_13)","decl":{"start":{"line":198,"column":40},"end":{"line":198,"column":41}},"loc":{"start":{"line":198,"column":59},"end":{"line":198,"column":79}},"line":198},"14":{"name":"(anonymous_14)","decl":{"start":{"line":200,"column":44},"end":{"line":200,"column":45}},"loc":{"start":{"line":200,"column":63},"end":{"line":200,"column":81}},"line":200}},"branchMap":{"0":{"loc":{"start":{"line":75,"column":4},"end":{"line":75,"column":null}},"type":"if","locations":[{"start":{"line":75,"column":4},"end":{"line":75,"column":null}},{"start":{},"end":{}}],"line":75},"1":{"loc":{"start":{"line":83,"column":6},"end":{"line":97,"column":null}},"type":"if","locations":[{"start":{"line":83,"column":6},"end":{"line":97,"column":null}},{"start":{"line":89,"column":6},"end":{"line":97,"column":null}}],"line":83},"2":{"loc":{"start":{"line":89,"column":6},"end":{"line":97,"column":null}},"type":"if","locations":[{"start":{"line":89,"column":6},"end":{"line":97,"column":null}},{"start":{"line":93,"column":13},"end":{"line":97,"column":null}}],"line":89},"3":{"loc":{"start":{"line":108,"column":8},"end":{"line":117,"column":null}},"type":"if","locations":[{"start":{"line":108,"column":8},"end":{"line":117,"column":null}},{"start":{},"end":{}}],"line":108},"4":{"loc":{"start":{"line":110,"column":10},"end":{"line":116,"column":null}},"type":"if","locations":[{"start":{"line":110,"column":10},"end":{"line":116,"column":null}},{"start":{},"end":{}}],"line":110},"5":{"loc":{"start":{"line":138,"column":2},"end":{"line":138,"column":null}},"type":"default-arg","locations":[{"start":{"line":138,"column":26},"end":{"line":138,"column":null}}],"line":138},"6":{"loc":{"start":{"line":167,"column":2},"end":{"line":167,"column":null}},"type":"if","locations":[{"start":{"line":167,"column":2},"end":{"line":167,"column":null}},{"start":{},"end":{}}],"line":167},"7":{"loc":{"start":{"line":168,"column":2},"end":{"line":168,"column":null}},"type":"if","locations":[{"start":{"line":168,"column":2},"end":{"line":168,"column":null}},{"start":{},"end":{}}],"line":168},"8":{"loc":{"start":{"line":169,"column":2},"end":{"line":169,"column":null}},"type":"if","locations":[{"start":{"line":169,"column":2},"end":{"line":169,"column":null}},{"start":{},"end":{}}],"line":169},"9":{"loc":{"start":{"line":186,"column":4},"end":{"line":186,"column":null}},"type":"if","locations":[{"start":{"line":186,"column":4},"end":{"line":186,"column":null}},{"start":{},"end":{}}],"line":186},"10":{"loc":{"start":{"line":186,"column":8},"end":{"line":186,"column":58}},"type":"binary-expr","locations":[{"start":{"line":186,"column":8},"end":{"line":186,"column":19}},{"start":{"line":186,"column":19},"end":{"line":186,"column":42}},{"start":{"line":186,"column":42},"end":{"line":186,"column":58}}],"line":186},"11":{"loc":{"start":{"line":200,"column":10},"end":{"line":200,"column":null}},"type":"binary-expr","locations":[{"start":{"line":200,"column":10},"end":{"line":200,"column":86}},{"start":{"line":200,"column":86},"end":{"line":200,"column":null}}],"line":200},"12":{"loc":{"start":{"line":206,"column":18},"end":{"line":206,"column":38}},"type":"binary-expr","locations":[{"start":{"line":206,"column":18},"end":{"line":206,"column":31}},{"start":{"line":206,"column":31},"end":{"line":206,"column":38}}],"line":206}},"s":{"0":1,"1":1,"2":1,"3":1,"4":1,"5":1,"6":1,"7":7,"8":7,"9":4,"10":4,"11":1,"12":3,"13":3,"14":3,"15":3,"16":3,"17":3,"18":0,"19":0,"20":0,"21":0,"22":0,"23":3,"24":3,"25":0,"26":0,"27":0,"28":0,"29":0,"30":0,"31":0,"32":0,"33":3,"34":3,"35":3,"36":3,"37":7,"38":16,"39":16,"40":16,"41":16,"42":3,"43":3,"44":16,"45":1,"46":15,"47":1,"48":14,"49":13,"50":1,"51":20,"52":19,"53":3,"54":16,"55":7,"56":16,"57":16,"58":16,"59":21,"60":16,"61":16,"62":21,"63":19,"64":19,"65":19,"66":19,"67":19,"68":19,"69":19},"f":{"0":7,"1":4,"2":3,"3":0,"4":0,"5":3,"6":16,"7":16,"8":3,"9":16,"10":20,"11":19,"12":7,"13":21,"14":21},"b":{"0":[1,3],"1":[3,0],"2":[0,0],"3":[0,0],"4":[0,0],"5":[16],"6":[1,15],"7":[1,14],"8":[13,1],"9":[3,16],"10":[19,18,17],"11":[16,0],"12":[19,0]},"meta":{"lastBranch":13,"lastFunction":15,"lastStatement":70,"seen":{"s:47:38:52:Infinity":0,"s:55:27:55:Infinity":1,"s:56:25:56:Infinity":2,"s:57:25:57:Infinity":3,"s:58:32:58:Infinity":4,"s:61:20:61:Infinity":5,"s:62:29:62:Infinity":6,"f:68:16:68:Infinity":0,"s:71:22:71:Infinity":7,"s:73:2:126:Infinity":8,"f:73:18:73:24":1,"s:74:22:74:Infinity":9,"b:75:4:75:Infinity:undefined:undefined:undefined:undefined":0,"s:75:4:75:Infinity":10,"s:75:20:75:Infinity":11,"s:78:21:78:Infinity":12,"s:81:20:98:Infinity":13,"f:81:20:81:32":2,"s:82:19:82:Infinity":14,"b:83:6:97:Infinity:89:6:97:Infinity":1,"s:83:6:97:Infinity":15,"s:84:23:87:Infinity":16,"s:88:8:88:Infinity":17,"b:89:6:97:Infinity:93:13:97:Infinity":2,"s:89:6:97:Infinity":18,"s:91:8:91:Infinity":19,"s:92:8:92:Infinity":20,"s:95:8:95:Infinity":21,"s:96:8:96:Infinity":22,"s:101:4:101:Infinity":23,"s:104:21:119:Infinity":24,"f:104:40:104:41":3,"s:105:6:105:Infinity":25,"s:106:6:118:Infinity":26,"f:106:36:106:42":4,"s:107:22:107:Infinity":27,"b:108:8:117:Infinity:undefined:undefined:undefined:undefined":3,"s:108:8:117:Infinity":28,"s:109:28:109:Infinity":29,"b:110:10:116:Infinity:undefined:undefined:undefined:undefined":4,"s:110:10:116:Infinity":30,"s:111:27:114:Infinity":31,"s:115:12:115:Infinity":32,"s:121:4:121:Infinity":33,"s:122:4:125:Infinity":34,"f:122:11:122:17":5,"s:123:6:123:Infinity":35,"s:124:6:124:Infinity":36,"s:129:2:129:Infinity":37,"f:135:9:135:Infinity":6,"b:138:26:138:Infinity":5,"s:141:16:141:Infinity":38,"s:142:17:142:Infinity":39,"s:144:2:150:Infinity":40,"f:156:9:156:60":7,"s:157:2:160:Infinity":41,"f:157:9:157:10":8,"s:158:14:158:Infinity":42,"s:159:4:159:Infinity":43,"f:166:9:166:24":9,"b:167:2:167:Infinity:undefined:undefined:undefined:undefined":6,"s:167:2:167:Infinity":44,"s:167:19:167:Infinity":45,"b:168:2:168:Infinity:undefined:undefined:undefined:undefined":7,"s:168:2:168:Infinity":46,"s:168:19:168:Infinity":47,"b:169:2:169:Infinity:undefined:undefined:undefined:undefined":8,"s:169:2:169:Infinity":48,"s:169:20:169:Infinity":49,"s:170:2:170:Infinity":50,"f:180:16:180:Infinity":10,"s:184:2:230:Infinity":51,"f:184:17:184:23":11,"b:186:4:186:Infinity:undefined:undefined:undefined:undefined":9,"s:186:4:186:Infinity":52,"b:186:8:186:19:186:19:186:42:186:42:186:58":10,"s:186:58:186:Infinity":53,"s:189:25:191:Infinity":54,"f:190:6:190:7":12,"s:190:16:190:Infinity":55,"s:194:23:194:Infinity":56,"s:195:39:195:Infinity":57,"s:198:10:198:Infinity":58,"f:198:40:198:41":13,"s:198:59:198:79":59,"s:199:18:199:Infinity":60,"s:200:10:200:Infinity":61,"b:200:10:200:86:200:86:200:Infinity":11,"f:200:44:200:45":14,"s:200:63:200:81":62,"s:203:17:203:Infinity":63,"s:204:10:209:Infinity":64,"b:206:18:206:31:206:31:206:38":12,"s:211:10:213:Infinity":65,"s:216:24:216:Infinity":66,"s:217:10:220:Infinity":67,"s:222:18:222:Infinity":68,"s:224:4:229:Infinity":69}}}
,"/Users/iant/dev/are-my-favourites-popular/src/services/spotifyApi.ts": {"path":"/Users/iant/dev/are-my-favourites-popular/src/services/spotifyApi.ts","statementMap":{"0":{"start":{"line":15,"column":12},"end":{"line":15,"column":null}},"1":{"start":{"line":24,"column":27},"end":{"line":24,"column":null}},"2":{"start":{"line":26,"column":17},"end":{"line":26,"column":null}},"3":{"start":{"line":27,"column":2},"end":{"line":27,"column":null}},"4":{"start":{"line":34,"column":2},"end":{"line":34,"column":null}},"5":{"start":{"line":34,"column":32},"end":{"line":34,"column":55}},"6":{"start":{"line":45,"column":22},"end":{"line":45,"column":null}},"7":{"start":{"line":47,"column":19},"end":{"line":54,"column":null}},"8":{"start":{"line":57,"column":2},"end":{"line":88,"column":null}},"9":{"start":{"line":59,"column":29},"end":{"line":59,"column":null}},"10":{"start":{"line":60,"column":36},"end":{"line":60,"column":null}},"11":{"start":{"line":62,"column":4},"end":{"line":78,"column":null}},"12":{"start":{"line":63,"column":27},"end":{"line":63,"column":null}},"13":{"start":{"line":65,"column":6},"end":{"line":77,"column":null}},"14":{"start":{"line":67,"column":8},"end":{"line":67,"column":null}},"15":{"start":{"line":70,"column":33},"end":{"line":70,"column":null}},"16":{"start":{"line":71,"column":8},"end":{"line":76,"column":null}},"17":{"start":{"line":72,"column":25},"end":{"line":72,"column":null}},"18":{"start":{"line":73,"column":10},"end":{"line":75,"column":null}},"19":{"start":{"line":74,"column":12},"end":{"line":74,"column":null}},"20":{"start":{"line":80,"column":4},"end":{"line":82,"column":null}},"21":{"start":{"line":81,"column":6},"end":{"line":81,"column":null}},"22":{"start":{"line":84,"column":4},"end":{"line":84,"column":null}},"23":{"start":{"line":86,"column":4},"end":{"line":86,"column":null}},"24":{"start":{"line":87,"column":4},"end":{"line":87,"column":null}},"25":{"start":{"line":91,"column":2},"end":{"line":97,"column":null}},"26":{"start":{"line":92,"column":18},"end":{"line":92,"column":null}},"27":{"start":{"line":93,"column":4},"end":{"line":93,"column":null}},"28":{"start":{"line":95,"column":4},"end":{"line":95,"column":null}},"29":{"start":{"line":96,"column":4},"end":{"line":96,"column":null}},"30":{"start":{"line":99,"column":2},"end":{"line":106,"column":null}},"31":{"start":{"line":100,"column":24},"end":{"line":100,"column":null}},"32":{"start":{"line":101,"column":4},"end":{"line":105,"column":null}},"33":{"start":{"line":109,"column":2},"end":{"line":111,"column":null}},"34":{"start":{"line":110,"column":4},"end":{"line":110,"column":null}},"35":{"start":{"line":113,"column":2},"end":{"line":113,"column":null}},"36":{"start":{"line":120,"column":2},"end":{"line":120,"column":null}},"37":{"start":{"line":132,"column":31},"end":{"line":132,"column":null}},"38":{"start":{"line":133,"column":36},"end":{"line":133,"column":null}},"39":{"start":{"line":135,"column":2},"end":{"line":149,"column":null}},"40":{"start":{"line":137,"column":29},"end":{"line":139,"column":null}},"41":{"start":{"line":141,"column":36},"end":{"line":141,"column":null}},"42":{"start":{"line":143,"column":4},"end":{"line":145,"column":null}},"43":{"start":{"line":144,"column":6},"end":{"line":144,"column":null}},"44":{"start":{"line":148,"column":4},"end":{"line":148,"column":null}},"45":{"start":{"line":151,"column":2},"end":{"line":151,"column":null}},"46":{"start":{"line":158,"column":2},"end":{"line":160,"column":null}},"47":{"start":{"line":159,"column":4},"end":{"line":159,"column":null}},"48":{"start":{"line":162,"column":2},"end":{"line":164,"column":null}},"49":{"start":{"line":163,"column":4},"end":{"line":163,"column":null}},"50":{"start":{"line":166,"column":15},"end":{"line":168,"column":null}},"51":{"start":{"line":170,"column":2},"end":{"line":170,"column":null}},"52":{"start":{"line":170,"column":56},"end":{"line":170,"column":66}},"53":{"start":{"line":180,"column":2},"end":{"line":182,"column":null}},"54":{"start":{"line":181,"column":4},"end":{"line":181,"column":null}},"55":{"start":{"line":185,"column":30},"end":{"line":185,"column":null}},"56":{"start":{"line":186,"column":2},"end":{"line":188,"column":null}},"57":{"start":{"line":186,"column":15},"end":{"line":186,"column":18}},"58":{"start":{"line":187,"column":4},"end":{"line":187,"column":null}},"59":{"start":{"line":191,"column":35},"end":{"line":191,"column":null}},"60":{"start":{"line":193,"column":2},"end":{"line":199,"column":null}},"61":{"start":{"line":193,"column":15},"end":{"line":193,"column":18}},"62":{"start":{"line":194,"column":23},"end":{"line":194,"column":null}},"63":{"start":{"line":195,"column":25},"end":{"line":197,"column":null}},"64":{"start":{"line":196,"column":30},"end":{"line":196,"column":49}},"65":{"start":{"line":198,"column":4},"end":{"line":198,"column":null}},"66":{"start":{"line":201,"column":2},"end":{"line":201,"column":null}},"67":{"start":{"line":211,"column":2},"end":{"line":214,"column":null}},"68":{"start":{"line":221,"column":19},"end":{"line":223,"column":null}},"69":{"start":{"line":225,"column":2},"end":{"line":225,"column":null}},"70":{"start":{"line":239,"column":2},"end":{"line":239,"column":null}},"71":{"start":{"line":246,"column":2},"end":{"line":252,"column":null}}},"fnMap":{"0":{"name":"calculateBackoffDelay","decl":{"start":{"line":23,"column":9},"end":{"line":23,"column":31}},"loc":{"start":{"line":23,"column":107},"end":{"line":28,"column":null}},"line":23},"1":{"name":"sleep","decl":{"start":{"line":33,"column":9},"end":{"line":33,"column":15}},"loc":{"start":{"line":33,"column":42},"end":{"line":35,"column":null}},"line":33},"2":{"name":"(anonymous_2)","decl":{"start":{"line":34,"column":21},"end":{"line":34,"column":32}},"loc":{"start":{"line":34,"column":32},"end":{"line":34,"column":55}},"line":34},"3":{"name":"apiRequest","decl":{"start":{"line":40,"column":15},"end":{"line":40,"column":null}},"loc":{"start":{"line":44,"column":14},"end":{"line":114,"column":null}},"line":44},"4":{"name":"fetchUserProfile","decl":{"start":{"line":119,"column":22},"end":{"line":119,"column":70}},"loc":{"start":{"line":119,"column":70},"end":{"line":121,"column":null}},"line":119},"5":{"name":"fetchAllSavedTracks","decl":{"start":{"line":131,"column":22},"end":{"line":131,"column":67}},"loc":{"start":{"line":131,"column":67},"end":{"line":152,"column":null}},"line":131},"6":{"name":"fetchArtists","decl":{"start":{"line":157,"column":22},"end":{"line":157,"column":35}},"loc":{"start":{"line":157,"column":82},"end":{"line":171,"column":null}},"line":157},"7":{"name":"(anonymous_7)","decl":{"start":{"line":170,"column":29},"end":{"line":170,"column":30}},"loc":{"start":{"line":170,"column":56},"end":{"line":170,"column":66}},"line":170},"8":{"name":"fetchArtistsBatch","decl":{"start":{"line":176,"column":22},"end":{"line":176,"column":null}},"loc":{"start":{"line":179,"column":28},"end":{"line":202,"column":null}},"line":179},"9":{"name":"(anonymous_9)","decl":{"start":{"line":196,"column":21},"end":{"line":196,"column":30}},"loc":{"start":{"line":196,"column":30},"end":{"line":196,"column":49}},"line":196},"10":{"name":"startPlayback","decl":{"start":{"line":207,"column":22},"end":{"line":207,"column":null}},"loc":{"start":{"line":210,"column":17},"end":{"line":215,"column":null}},"line":210},"11":{"name":"pausePlayback","decl":{"start":{"line":220,"column":22},"end":{"line":220,"column":36}},"loc":{"start":{"line":220,"column":70},"end":{"line":226,"column":null}},"line":220},"12":{"name":"getPlaybackState","decl":{"start":{"line":232,"column":22},"end":{"line":232,"column":null}},"loc":{"start":{"line":237,"column":10},"end":{"line":240,"column":null}},"line":237},"13":{"name":"transferPlayback","decl":{"start":{"line":245,"column":22},"end":{"line":245,"column":39}},"loc":{"start":{"line":245,"column":95},"end":{"line":253,"column":null}},"line":245}},"branchMap":{"0":{"loc":{"start":{"line":23,"column":48},"end":{"line":23,"column":107}},"type":"default-arg","locations":[{"start":{"line":23,"column":68},"end":{"line":23,"column":107}}],"line":23},"1":{"loc":{"start":{"line":42,"column":2},"end":{"line":42,"column":null}},"type":"default-arg","locations":[{"start":{"line":42,"column":25},"end":{"line":42,"column":null}}],"line":42},"2":{"loc":{"start":{"line":43,"column":2},"end":{"line":43,"column":null}},"type":"default-arg","locations":[{"start":{"line":43,"column":23},"end":{"line":43,"column":null}}],"line":43},"3":{"loc":{"start":{"line":57,"column":2},"end":{"line":88,"column":null}},"type":"if","locations":[{"start":{"line":57,"column":2},"end":{"line":88,"column":null}},{"start":{},"end":{}}],"line":57},"4":{"loc":{"start":{"line":62,"column":4},"end":{"line":78,"column":null}},"type":"if","locations":[{"start":{"line":62,"column":4},"end":{"line":78,"column":null}},{"start":{},"end":{}}],"line":62},"5":{"loc":{"start":{"line":65,"column":6},"end":{"line":77,"column":null}},"type":"if","locations":[{"start":{"line":65,"column":6},"end":{"line":77,"column":null}},{"start":{"line":68,"column":13},"end":{"line":77,"column":null}}],"line":65},"6":{"loc":{"start":{"line":65,"column":10},"end":{"line":65,"column":59}},"type":"binary-expr","locations":[{"start":{"line":65,"column":10},"end":{"line":65,"column":41}},{"start":{"line":65,"column":41},"end":{"line":65,"column":59}}],"line":65},"7":{"loc":{"start":{"line":71,"column":8},"end":{"line":76,"column":null}},"type":"if","locations":[{"start":{"line":71,"column":8},"end":{"line":76,"column":null}},{"start":{},"end":{}}],"line":71},"8":{"loc":{"start":{"line":73,"column":10},"end":{"line":75,"column":null}},"type":"if","locations":[{"start":{"line":73,"column":10},"end":{"line":75,"column":null}},{"start":{},"end":{}}],"line":73},"9":{"loc":{"start":{"line":80,"column":4},"end":{"line":82,"column":null}},"type":"if","locations":[{"start":{"line":80,"column":4},"end":{"line":82,"column":null}},{"start":{},"end":{}}],"line":80},"10":{"loc":{"start":{"line":91,"column":2},"end":{"line":97,"column":null}},"type":"if","locations":[{"start":{"line":91,"column":2},"end":{"line":97,"column":null}},{"start":{},"end":{}}],"line":91},"11":{"loc":{"start":{"line":91,"column":6},"end":{"line":91,"column":69}},"type":"binary-expr","locations":[{"start":{"line":91,"column":6},"end":{"line":91,"column":32}},{"start":{"line":91,"column":32},"end":{"line":91,"column":69}}],"line":91},"12":{"loc":{"start":{"line":99,"column":2},"end":{"line":106,"column":null}},"type":"if","locations":[{"start":{"line":99,"column":2},"end":{"line":106,"column":null}},{"start":{},"end":{}}],"line":99},"13":{"loc":{"start":{"line":109,"column":2},"end":{"line":111,"column":null}},"type":"if","locations":[{"start":{"line":109,"column":2},"end":{"line":111,"column":null}},{"start":{},"end":{}}],"line":109},"14":{"loc":{"start":{"line":137,"column":29},"end":{"line":139,"column":null}},"type":"cond-expr","locations":[{"start":{"line":138,"column":8},"end":{"line":138,"column":null}},{"start":{"line":139,"column":8},"end":{"line":139,"column":null}}],"line":137},"15":{"loc":{"start":{"line":143,"column":4},"end":{"line":145,"column":null}},"type":"if","locations":[{"start":{"line":143,"column":4},"end":{"line":145,"column":null}},{"start":{},"end":{}}],"line":143},"16":{"loc":{"start":{"line":148,"column":19},"end":{"line":148,"column":null}},"type":"cond-expr","locations":[{"start":{"line":148,"column":31},"end":{"line":148,"column":73}},{"start":{"line":148,"column":73},"end":{"line":148,"column":null}}],"line":148},"17":{"loc":{"start":{"line":158,"column":2},"end":{"line":160,"column":null}},"type":"if","locations":[{"start":{"line":158,"column":2},"end":{"line":160,"column":null}},{"start":{},"end":{}}],"line":158},"18":{"loc":{"start":{"line":162,"column":2},"end":{"line":164,"column":null}},"type":"if","locations":[{"start":{"line":162,"column":2},"end":{"line":164,"column":null}},{"start":{},"end":{}}],"line":162},"19":{"loc":{"start":{"line":178,"column":2},"end":{"line":178,"column":null}},"type":"default-arg","locations":[{"start":{"line":178,"column":24},"end":{"line":178,"column":null}}],"line":178},"20":{"loc":{"start":{"line":180,"column":2},"end":{"line":182,"column":null}},"type":"if","locations":[{"start":{"line":180,"column":2},"end":{"line":182,"column":null}},{"start":{},"end":{}}],"line":180},"21":{"loc":{"start":{"line":209,"column":2},"end":{"line":209,"column":null}},"type":"default-arg","locations":[{"start":{"line":209,"column":77},"end":{"line":209,"column":null}}],"line":209},"22":{"loc":{"start":{"line":221,"column":19},"end":{"line":223,"column":null}},"type":"cond-expr","locations":[{"start":{"line":222,"column":6},"end":{"line":222,"column":null}},{"start":{"line":223,"column":6},"end":{"line":223,"column":null}}],"line":221},"23":{"loc":{"start":{"line":245,"column":57},"end":{"line":245,"column":95}},"type":"default-arg","locations":[{"start":{"line":245,"column":73},"end":{"line":245,"column":95}}],"line":245}},"s":{"0":1,"1":4,"2":4,"3":4,"4":8,"5":8,"6":25,"7":25,"8":25,"9":5,"10":5,"11":5,"12":5,"13":5,"14":5,"15":0,"16":0,"17":0,"18":0,"19":0,"20":5,"21":1,"22":4,"23":4,"24":4,"25":20,"26":4,"27":4,"28":4,"29":4,"30":16,"31":2,"32":2,"33":14,"34":1,"35":13,"36":6,"37":2,"38":2,"39":2,"40":3,"41":3,"42":3,"43":3,"44":3,"45":2,"46":9,"47":1,"48":8,"49":1,"50":7,"51":7,"52":104,"53":3,"54":1,"55":2,"56":2,"57":2,"58":5,"59":2,"60":2,"61":2,"62":4,"63":4,"64":5,"65":4,"66":4,"67":0,"68":0,"69":0,"70":1,"71":0},"f":{"0":4,"1":8,"2":8,"3":25,"4":6,"5":2,"6":9,"7":104,"8":3,"9":5,"10":0,"11":0,"12":1,"13":0},"b":{"0":[4],"1":[25],"2":[25],"3":[5,20],"4":[5,0],"5":[5,0],"6":[5,5],"7":[0,0],"8":[0,0],"9":[1,4],"10":[4,16],"11":[20,5],"12":[2,14],"13":[1,13],"14":[0,3],"15":[3,0],"16":[1,2],"17":[1,8],"18":[1,7],"19":[3],"20":[1,2],"21":[0],"22":[0,0],"23":[0]},"meta":{"lastBranch":24,"lastFunction":14,"lastStatement":72,"seen":{"s:15:12:15:Infinity":0,"f:23:9:23:31":0,"b:23:68:23:107":0,"s:24:27:24:Infinity":1,"s:26:17:26:Infinity":2,"s:27:2:27:Infinity":3,"f:33:9:33:15":1,"s:34:2:34:Infinity":4,"f:34:21:34:32":2,"s:34:32:34:55":5,"f:40:15:40:Infinity":3,"b:42:25:42:Infinity":1,"b:43:23:43:Infinity":2,"s:45:22:45:Infinity":6,"s:47:19:54:Infinity":7,"b:57:2:88:Infinity:undefined:undefined:undefined:undefined":3,"s:57:2:88:Infinity":8,"s:59:29:59:Infinity":9,"s:60:36:60:Infinity":10,"b:62:4:78:Infinity:undefined:undefined:undefined:undefined":4,"s:62:4:78:Infinity":11,"s:63:27:63:Infinity":12,"b:65:6:77:Infinity:68:13:77:Infinity":5,"s:65:6:77:Infinity":13,"b:65:10:65:41:65:41:65:59":6,"s:67:8:67:Infinity":14,"s:70:33:70:Infinity":15,"b:71:8:76:Infinity:undefined:undefined:undefined:undefined":7,"s:71:8:76:Infinity":16,"s:72:25:72:Infinity":17,"b:73:10:75:Infinity:undefined:undefined:undefined:undefined":8,"s:73:10:75:Infinity":18,"s:74:12:74:Infinity":19,"b:80:4:82:Infinity:undefined:undefined:undefined:undefined":9,"s:80:4:82:Infinity":20,"s:81:6:81:Infinity":21,"s:84:4:84:Infinity":22,"s:86:4:86:Infinity":23,"s:87:4:87:Infinity":24,"b:91:2:97:Infinity:undefined:undefined:undefined:undefined":10,"s:91:2:97:Infinity":25,"b:91:6:91:32:91:32:91:69":11,"s:92:18:92:Infinity":26,"s:93:4:93:Infinity":27,"s:95:4:95:Infinity":28,"s:96:4:96:Infinity":29,"b:99:2:106:Infinity:undefined:undefined:undefined:undefined":12,"s:99:2:106:Infinity":30,"s:100:24:100:Infinity":31,"s:101:4:105:Infinity":32,"b:109:2:111:Infinity:undefined:undefined:undefined:undefined":13,"s:109:2:111:Infinity":33,"s:110:4:110:Infinity":34,"s:113:2:113:Infinity":35,"f:119:22:119:70":4,"s:120:2:120:Infinity":36,"f:131:22:131:67":5,"s:132:31:132:Infinity":37,"s:133:36:133:Infinity":38,"s:135:2:149:Infinity":39,"s:137:29:139:Infinity":40,"b:138:8:138:Infinity:139:8:139:Infinity":14,"s:141:36:141:Infinity":41,"b:143:4:145:Infinity:undefined:undefined:undefined:undefined":15,"s:143:4:145:Infinity":42,"s:144:6:144:Infinity":43,"s:148:4:148:Infinity":44,"b:148:31:148:73:148:73:148:Infinity":16,"s:151:2:151:Infinity":45,"f:157:22:157:35":6,"b:158:2:160:Infinity:undefined:undefined:undefined:undefined":17,"s:158:2:160:Infinity":46,"s:159:4:159:Infinity":47,"b:162:2:164:Infinity:undefined:undefined:undefined:undefined":18,"s:162:2:164:Infinity":48,"s:163:4:163:Infinity":49,"s:166:15:168:Infinity":50,"s:170:2:170:Infinity":51,"f:170:29:170:30":7,"s:170:56:170:66":52,"f:176:22:176:Infinity":8,"b:178:24:178:Infinity":19,"b:180:2:182:Infinity:undefined:undefined:undefined:undefined":20,"s:180:2:182:Infinity":53,"s:181:4:181:Infinity":54,"s:185:30:185:Infinity":55,"s:186:2:188:Infinity":56,"s:186:15:186:18":57,"s:187:4:187:Infinity":58,"s:191:35:191:Infinity":59,"s:193:2:199:Infinity":60,"s:193:15:193:18":61,"s:194:23:194:Infinity":62,"s:195:25:197:Infinity":63,"f:196:21:196:30":9,"s:196:30:196:49":64,"s:198:4:198:Infinity":65,"s:201:2:201:Infinity":66,"f:207:22:207:Infinity":10,"b:209:77:209:Infinity":21,"s:211:2:214:Infinity":67,"f:220:22:220:36":11,"s:221:19:223:Infinity":68,"b:222:6:222:Infinity:223:6:223:Infinity":22,"s:225:2:225:Infinity":69,"f:232:22:232:Infinity":12,"s:239:2:239:Infinity":70,"f:245:22:245:39":13,"b:245:73:245:95":23,"s:246:2:252:Infinity":71}}}
,"/Users/iant/dev/are-my-favourites-popular/src/services/tokenService.ts": {"path":"/Users/iant/dev/are-my-favourites-popular/src/services/tokenService.ts","statementMap":{"0":{"start":{"line":15,"column":21},"end":{"line":20,"column":null}},"1":{"start":{"line":23,"column":59},"end":{"line":23,"column":null}},"2":{"start":{"line":32,"column":2},"end":{"line":32,"column":null}},"3":{"start":{"line":33,"column":2},"end":{"line":36,"column":null}},"4":{"start":{"line":39,"column":2},"end":{"line":41,"column":null}},"5":{"start":{"line":40,"column":4},"end":{"line":40,"column":null}},"6":{"start":{"line":45,"column":2},"end":{"line":45,"column":null}},"7":{"start":{"line":52,"column":2},"end":{"line":52,"column":null}},"8":{"start":{"line":53,"column":2},"end":{"line":53,"column":null}},"9":{"start":{"line":54,"column":2},"end":{"line":54,"column":null}},"10":{"start":{"line":55,"column":2},"end":{"line":55,"column":null}},"11":{"start":{"line":62,"column":2},"end":{"line":62,"column":null}},"12":{"start":{"line":69,"column":2},"end":{"line":69,"column":null}},"13":{"start":{"line":76,"column":20},"end":{"line":76,"column":null}},"14":{"start":{"line":77,"column":2},"end":{"line":77,"column":null}},"15":{"start":{"line":84,"column":20},"end":{"line":84,"column":null}},"16":{"start":{"line":85,"column":2},"end":{"line":85,"column":null}},"17":{"start":{"line":85,"column":18},"end":{"line":85,"column":null}},"18":{"start":{"line":86,"column":2},"end":{"line":86,"column":null}},"19":{"start":{"line":93,"column":2},"end":{"line":93,"column":null}},"20":{"start":{"line":100,"column":2},"end":{"line":100,"column":null}},"21":{"start":{"line":110,"column":23},"end":{"line":110,"column":null}},"22":{"start":{"line":112,"column":2},"end":{"line":114,"column":null}},"23":{"start":{"line":113,"column":4},"end":{"line":113,"column":null}},"24":{"start":{"line":117,"column":2},"end":{"line":119,"column":null}},"25":{"start":{"line":118,"column":4},"end":{"line":118,"column":null}},"26":{"start":{"line":122,"column":2},"end":{"line":131,"column":null}},"27":{"start":{"line":123,"column":4},"end":{"line":130,"column":null}},"28":{"start":{"line":124,"column":24},"end":{"line":124,"column":null}},"29":{"start":{"line":125,"column":6},"end":{"line":125,"column":null}},"30":{"start":{"line":126,"column":6},"end":{"line":126,"column":null}},"31":{"start":{"line":129,"column":6},"end":{"line":129,"column":null}},"32":{"start":{"line":133,"column":2},"end":{"line":133,"column":null}},"33":{"start":{"line":146,"column":22},"end":{"line":146,"column":null}},"34":{"start":{"line":147,"column":23},"end":{"line":147,"column":null}},"35":{"start":{"line":150,"column":2},"end":{"line":152,"column":null}},"36":{"start":{"line":151,"column":4},"end":{"line":151,"column":null}},"37":{"start":{"line":155,"column":2},"end":{"line":166,"column":null}},"38":{"start":{"line":156,"column":4},"end":{"line":165,"column":null}},"39":{"start":{"line":157,"column":24},"end":{"line":157,"column":null}},"40":{"start":{"line":158,"column":6},"end":{"line":158,"column":null}},"41":{"start":{"line":161,"column":6},"end":{"line":161,"column":null}},"42":{"start":{"line":162,"column":24},"end":{"line":162,"column":null}},"43":{"start":{"line":163,"column":6},"end":{"line":163,"column":null}},"44":{"start":{"line":164,"column":6},"end":{"line":164,"column":null}},"45":{"start":{"line":169,"column":2},"end":{"line":173,"column":null}},"46":{"start":{"line":170,"column":22},"end":{"line":170,"column":null}},"47":{"start":{"line":171,"column":4},"end":{"line":171,"column":null}},"48":{"start":{"line":172,"column":4},"end":{"line":172,"column":null}},"49":{"start":{"line":175,"column":2},"end":{"line":175,"column":null}},"50":{"start":{"line":183,"column":22},"end":{"line":183,"column":null}},"51":{"start":{"line":184,"column":23},"end":{"line":184,"column":null}},"52":{"start":{"line":187,"column":2},"end":{"line":189,"column":null}},"53":{"start":{"line":188,"column":4},"end":{"line":188,"column":null}},"54":{"start":{"line":192,"column":2},"end":{"line":194,"column":null}},"55":{"start":{"line":193,"column":4},"end":{"line":193,"column":null}},"56":{"start":{"line":196,"column":2},"end":{"line":196,"column":null}},"57":{"start":{"line":204,"column":22},"end":{"line":204,"column":null}},"58":{"start":{"line":205,"column":23},"end":{"line":205,"column":null}},"59":{"start":{"line":208,"column":2},"end":{"line":210,"column":null}},"60":{"start":{"line":209,"column":4},"end":{"line":209,"column":null}},"61":{"start":{"line":213,"column":2},"end":{"line":215,"column":null}},"62":{"start":{"line":214,"column":4},"end":{"line":214,"column":null}},"63":{"start":{"line":218,"column":2},"end":{"line":226,"column":null}},"64":{"start":{"line":219,"column":4},"end":{"line":225,"column":null}},"65":{"start":{"line":220,"column":6},"end":{"line":220,"column":null}},"66":{"start":{"line":221,"column":6},"end":{"line":221,"column":null}},"67":{"start":{"line":223,"column":6},"end":{"line":223,"column":null}},"68":{"start":{"line":224,"column":6},"end":{"line":224,"column":null}},"69":{"start":{"line":229,"column":2},"end":{"line":229,"column":null}},"70":{"start":{"line":230,"column":2},"end":{"line":230,"column":null}}},"fnMap":{"0":{"name":"saveTokens","decl":{"start":{"line":30,"column":16},"end":{"line":30,"column":27}},"loc":{"start":{"line":30,"column":66},"end":{"line":46,"column":null}},"line":30},"1":{"name":"clearTokens","decl":{"start":{"line":51,"column":16},"end":{"line":51,"column":36}},"loc":{"start":{"line":51,"column":36},"end":{"line":56,"column":null}},"line":51},"2":{"name":"getRefreshToken","decl":{"start":{"line":61,"column":16},"end":{"line":61,"column":49}},"loc":{"start":{"line":61,"column":49},"end":{"line":63,"column":null}},"line":61},"3":{"name":"getAccessToken","decl":{"start":{"line":68,"column":16},"end":{"line":68,"column":48}},"loc":{"start":{"line":68,"column":48},"end":{"line":70,"column":null}},"line":68},"4":{"name":"getExpiresAt","decl":{"start":{"line":75,"column":16},"end":{"line":75,"column":46}},"loc":{"start":{"line":75,"column":46},"end":{"line":78,"column":null}},"line":75},"5":{"name":"isTokenExpiringSoon","decl":{"start":{"line":83,"column":16},"end":{"line":83,"column":36}},"loc":{"start":{"line":83,"column":94},"end":{"line":87,"column":null}},"line":83},"6":{"name":"getCachedUserId","decl":{"start":{"line":92,"column":16},"end":{"line":92,"column":49}},"loc":{"start":{"line":92,"column":49},"end":{"line":94,"column":null}},"line":92},"7":{"name":"cacheUserId","decl":{"start":{"line":99,"column":16},"end":{"line":99,"column":28}},"loc":{"start":{"line":99,"column":50},"end":{"line":101,"column":null}},"line":99},"8":{"name":"refreshTokenWithMutex","decl":{"start":{"line":109,"column":15},"end":{"line":109,"column":70}},"loc":{"start":{"line":109,"column":70},"end":{"line":134,"column":null}},"line":109},"9":{"name":"(anonymous_9)","decl":{"start":{"line":122,"column":20},"end":{"line":122,"column":32}},"loc":{"start":{"line":122,"column":32},"end":{"line":131,"column":5}},"line":122},"10":{"name":"getValidAccessToken","decl":{"start":{"line":145,"column":22},"end":{"line":145,"column":61}},"loc":{"start":{"line":145,"column":61},"end":{"line":176,"column":null}},"line":145},"11":{"name":"hasValidAuth","decl":{"start":{"line":182,"column":16},"end":{"line":182,"column":40}},"loc":{"start":{"line":182,"column":40},"end":{"line":197,"column":null}},"line":182},"12":{"name":"initializeAuth","decl":{"start":{"line":203,"column":22},"end":{"line":203,"column":57}},"loc":{"start":{"line":203,"column":57},"end":{"line":231,"column":null}},"line":203}},"branchMap":{"0":{"loc":{"start":{"line":39,"column":2},"end":{"line":41,"column":null}},"type":"if","locations":[{"start":{"line":39,"column":2},"end":{"line":41,"column":null}},{"start":{},"end":{}}],"line":39},"1":{"loc":{"start":{"line":77,"column":9},"end":{"line":77,"column":null}},"type":"cond-expr","locations":[{"start":{"line":77,"column":21},"end":{"line":77,"column":43}},{"start":{"line":77,"column":43},"end":{"line":77,"column":null}}],"line":77},"2":{"loc":{"start":{"line":83,"column":36},"end":{"line":83,"column":94}},"type":"default-arg","locations":[{"start":{"line":83,"column":55},"end":{"line":83,"column":94}}],"line":83},"3":{"loc":{"start":{"line":85,"column":2},"end":{"line":85,"column":null}},"type":"if","locations":[{"start":{"line":85,"column":2},"end":{"line":85,"column":null}},{"start":{},"end":{}}],"line":85},"4":{"loc":{"start":{"line":112,"column":2},"end":{"line":114,"column":null}},"type":"if","locations":[{"start":{"line":112,"column":2},"end":{"line":114,"column":null}},{"start":{},"end":{}}],"line":112},"5":{"loc":{"start":{"line":117,"column":2},"end":{"line":119,"column":null}},"type":"if","locations":[{"start":{"line":117,"column":2},"end":{"line":119,"column":null}},{"start":{},"end":{}}],"line":117},"6":{"loc":{"start":{"line":150,"column":2},"end":{"line":152,"column":null}},"type":"if","locations":[{"start":{"line":150,"column":2},"end":{"line":152,"column":null}},{"start":{},"end":{}}],"line":150},"7":{"loc":{"start":{"line":150,"column":6},"end":{"line":150,"column":45}},"type":"binary-expr","locations":[{"start":{"line":150,"column":6},"end":{"line":150,"column":21}},{"start":{"line":150,"column":21},"end":{"line":150,"column":45}}],"line":150},"8":{"loc":{"start":{"line":155,"column":2},"end":{"line":166,"column":null}},"type":"if","locations":[{"start":{"line":155,"column":2},"end":{"line":166,"column":null}},{"start":{},"end":{}}],"line":155},"9":{"loc":{"start":{"line":169,"column":2},"end":{"line":173,"column":null}},"type":"if","locations":[{"start":{"line":169,"column":2},"end":{"line":173,"column":null}},{"start":{},"end":{}}],"line":169},"10":{"loc":{"start":{"line":187,"column":2},"end":{"line":189,"column":null}},"type":"if","locations":[{"start":{"line":187,"column":2},"end":{"line":189,"column":null}},{"start":{},"end":{}}],"line":187},"11":{"loc":{"start":{"line":187,"column":6},"end":{"line":187,"column":79}},"type":"binary-expr","locations":[{"start":{"line":187,"column":6},"end":{"line":187,"column":21}},{"start":{"line":187,"column":21},"end":{"line":187,"column":79}}],"line":187},"12":{"loc":{"start":{"line":192,"column":2},"end":{"line":194,"column":null}},"type":"if","locations":[{"start":{"line":192,"column":2},"end":{"line":194,"column":null}},{"start":{},"end":{}}],"line":192},"13":{"loc":{"start":{"line":208,"column":2},"end":{"line":210,"column":null}},"type":"if","locations":[{"start":{"line":208,"column":2},"end":{"line":210,"column":null}},{"start":{},"end":{}}],"line":208},"14":{"loc":{"start":{"line":208,"column":6},"end":{"line":208,"column":37}},"type":"binary-expr","locations":[{"start":{"line":208,"column":6},"end":{"line":208,"column":22}},{"start":{"line":208,"column":22},"end":{"line":208,"column":37}}],"line":208},"15":{"loc":{"start":{"line":213,"column":2},"end":{"line":215,"column":null}},"type":"if","locations":[{"start":{"line":213,"column":2},"end":{"line":215,"column":null}},{"start":{},"end":{}}],"line":213},"16":{"loc":{"start":{"line":213,"column":6},"end":{"line":213,"column":79}},"type":"binary-expr","locations":[{"start":{"line":213,"column":6},"end":{"line":213,"column":21}},{"start":{"line":213,"column":21},"end":{"line":213,"column":79}}],"line":213},"17":{"loc":{"start":{"line":218,"column":2},"end":{"line":226,"column":null}},"type":"if","locations":[{"start":{"line":218,"column":2},"end":{"line":226,"column":null}},{"start":{},"end":{}}],"line":218}},"s":{"0":1,"1":1,"2":7,"3":7,"4":7,"5":2,"6":7,"7":3,"8":3,"9":3,"10":3,"11":21,"12":14,"13":14,"14":14,"15":12,"16":12,"17":1,"18":11,"19":2,"20":1,"21":6,"22":6,"23":0,"24":6,"25":1,"26":5,"27":5,"28":5,"29":3,"30":3,"31":5,"32":5,"33":6,"34":6,"35":6,"36":1,"37":5,"38":4,"39":4,"40":3,"41":1,"42":1,"43":1,"44":1,"45":1,"46":1,"47":1,"48":1,"49":0,"50":3,"51":3,"52":3,"53":1,"54":2,"55":1,"56":1,"57":4,"58":4,"59":4,"60":1,"61":3,"62":1,"63":2,"64":2,"65":2,"66":1,"67":1,"68":1,"69":0,"70":0},"f":{"0":7,"1":3,"2":21,"3":14,"4":14,"5":12,"6":2,"7":1,"8":6,"9":5,"10":6,"11":3,"12":4},"b":{"0":[2,5],"1":[12,2],"2":[12],"3":[1,11],"4":[0,6],"5":[1,5],"6":[1,5],"7":[6,5],"8":[4,1],"9":[1,0],"10":[1,2],"11":[3,2],"12":[1,1],"13":[1,3],"14":[4,2],"15":[1,2],"16":[3,2],"17":[2,0]},"meta":{"lastBranch":18,"lastFunction":13,"lastStatement":71,"seen":{"s:15:21:20:Infinity":0,"s:23:59:23:Infinity":1,"f:30:16:30:27":0,"s:32:2:32:Infinity":2,"s:33:2:36:Infinity":3,"b:39:2:41:Infinity:undefined:undefined:undefined:undefined":0,"s:39:2:41:Infinity":4,"s:40:4:40:Infinity":5,"s:45:2:45:Infinity":6,"f:51:16:51:36":1,"s:52:2:52:Infinity":7,"s:53:2:53:Infinity":8,"s:54:2:54:Infinity":9,"s:55:2:55:Infinity":10,"f:61:16:61:49":2,"s:62:2:62:Infinity":11,"f:68:16:68:48":3,"s:69:2:69:Infinity":12,"f:75:16:75:46":4,"s:76:20:76:Infinity":13,"s:77:2:77:Infinity":14,"b:77:21:77:43:77:43:77:Infinity":1,"f:83:16:83:36":5,"b:83:55:83:94":2,"s:84:20:84:Infinity":15,"b:85:2:85:Infinity:undefined:undefined:undefined:undefined":3,"s:85:2:85:Infinity":16,"s:85:18:85:Infinity":17,"s:86:2:86:Infinity":18,"f:92:16:92:49":6,"s:93:2:93:Infinity":19,"f:99:16:99:28":7,"s:100:2:100:Infinity":20,"f:109:15:109:70":8,"s:110:23:110:Infinity":21,"b:112:2:114:Infinity:undefined:undefined:undefined:undefined":4,"s:112:2:114:Infinity":22,"s:113:4:113:Infinity":23,"b:117:2:119:Infinity:undefined:undefined:undefined:undefined":5,"s:117:2:119:Infinity":24,"s:118:4:118:Infinity":25,"s:122:2:131:Infinity":26,"f:122:20:122:32":9,"s:123:4:130:Infinity":27,"s:124:24:124:Infinity":28,"s:125:6:125:Infinity":29,"s:126:6:126:Infinity":30,"s:129:6:129:Infinity":31,"s:133:2:133:Infinity":32,"f:145:22:145:61":10,"s:146:22:146:Infinity":33,"s:147:23:147:Infinity":34,"b:150:2:152:Infinity:undefined:undefined:undefined:undefined":6,"s:150:2:152:Infinity":35,"b:150:6:150:21:150:21:150:45":7,"s:151:4:151:Infinity":36,"b:155:2:166:Infinity:undefined:undefined:undefined:undefined":8,"s:155:2:166:Infinity":37,"s:156:4:165:Infinity":38,"s:157:24:157:Infinity":39,"s:158:6:158:Infinity":40,"s:161:6:161:Infinity":41,"s:162:24:162:Infinity":42,"s:163:6:163:Infinity":43,"s:164:6:164:Infinity":44,"b:169:2:173:Infinity:undefined:undefined:undefined:undefined":9,"s:169:2:173:Infinity":45,"s:170:22:170:Infinity":46,"s:171:4:171:Infinity":47,"s:172:4:172:Infinity":48,"s:175:2:175:Infinity":49,"f:182:16:182:40":11,"s:183:22:183:Infinity":50,"s:184:23:184:Infinity":51,"b:187:2:189:Infinity:undefined:undefined:undefined:undefined":10,"s:187:2:189:Infinity":52,"b:187:6:187:21:187:21:187:79":11,"s:188:4:188:Infinity":53,"b:192:2:194:Infinity:undefined:undefined:undefined:undefined":12,"s:192:2:194:Infinity":54,"s:193:4:193:Infinity":55,"s:196:2:196:Infinity":56,"f:203:22:203:57":12,"s:204:22:204:Infinity":57,"s:205:23:205:Infinity":58,"b:208:2:210:Infinity:undefined:undefined:undefined:undefined":13,"s:208:2:210:Infinity":59,"b:208:6:208:22:208:22:208:37":14,"s:209:4:209:Infinity":60,"b:213:2:215:Infinity:undefined:undefined:undefined:undefined":15,"s:213:2:215:Infinity":61,"b:213:6:213:21:213:21:213:79":16,"s:214:4:214:Infinity":62,"b:218:2:226:Infinity:undefined:undefined:undefined:undefined":17,"s:218:2:226:Infinity":63,"s:219:4:225:Infinity":64,"s:220:6:220:Infinity":65,"s:221:6:221:Infinity":66,"s:223:6:223:Infinity":67,"s:224:6:224:Infinity":68,"s:229:2:229:Infinity":69,"s:230:2:230:Infinity":70}}}
,"/Users/iant/dev/are-my-favourites-popular/src/utils/errors.ts": {"path":"/Users/iant/dev/are-my-favourites-popular/src/utils/errors.ts","statementMap":{"0":{"start":{"line":16,"column":4},"end":{"line":16,"column":null}},"1":{"start":{"line":13,"column":20},"end":{"line":13,"column":null}},"2":{"start":{"line":14,"column":20},"end":{"line":14,"column":41}},"3":{"start":{"line":17,"column":4},"end":{"line":17,"column":null}},"4":{"start":{"line":29,"column":4},"end":{"line":29,"column":null}},"5":{"start":{"line":26,"column":20},"end":{"line":26,"column":null}},"6":{"start":{"line":30,"column":4},"end":{"line":30,"column":null}},"7":{"start":{"line":38,"column":35},"end":{"line":38,"column":null}},"8":{"start":{"line":41,"column":4},"end":{"line":41,"column":null}},"9":{"start":{"line":42,"column":4},"end":{"line":42,"column":null}},"10":{"start":{"line":51,"column":4},"end":{"line":51,"column":null}},"11":{"start":{"line":52,"column":4},"end":{"line":52,"column":null}},"12":{"start":{"line":64,"column":4},"end":{"line":64,"column":null}},"13":{"start":{"line":62,"column":20},"end":{"line":62,"column":43}},"14":{"start":{"line":65,"column":4},"end":{"line":65,"column":null}},"15":{"start":{"line":73,"column":2},"end":{"line":73,"column":null}},"16":{"start":{"line":77,"column":2},"end":{"line":77,"column":null}},"17":{"start":{"line":81,"column":2},"end":{"line":81,"column":null}},"18":{"start":{"line":88,"column":2},"end":{"line":90,"column":null}},"19":{"start":{"line":89,"column":4},"end":{"line":89,"column":null}},"20":{"start":{"line":91,"column":2},"end":{"line":93,"column":null}},"21":{"start":{"line":92,"column":4},"end":{"line":92,"column":null}},"22":{"start":{"line":94,"column":2},"end":{"line":94,"column":null}}},"fnMap":{"0":{"name":"(anonymous_0)","decl":{"start":{"line":11,"column":2},"end":{"line":11,"column":null}},"loc":{"start":{"line":15,"column":4},"end":{"line":18,"column":null}},"line":15},"1":{"name":"(anonymous_1)","decl":{"start":{"line":25,"column":2},"end":{"line":25,"column":null}},"loc":{"start":{"line":28,"column":4},"end":{"line":31,"column":null}},"line":28},"2":{"name":"(anonymous_2)","decl":{"start":{"line":40,"column":2},"end":{"line":40,"column":14}},"loc":{"start":{"line":40,"column":59},"end":{"line":43,"column":null}},"line":40},"3":{"name":"(anonymous_3)","decl":{"start":{"line":50,"column":2},"end":{"line":50,"column":14}},"loc":{"start":{"line":50,"column":80},"end":{"line":53,"column":null}},"line":50},"4":{"name":"(anonymous_4)","decl":{"start":{"line":60,"column":2},"end":{"line":60,"column":null}},"loc":{"start":{"line":63,"column":4},"end":{"line":66,"column":null}},"line":63},"5":{"name":"isSpotifyApiError","decl":{"start":{"line":72,"column":16},"end":{"line":72,"column":34}},"loc":{"start":{"line":72,"column":76},"end":{"line":74,"column":null}},"line":72},"6":{"name":"isRateLimitError","decl":{"start":{"line":76,"column":16},"end":{"line":76,"column":33}},"loc":{"start":{"line":76,"column":74},"end":{"line":78,"column":null}},"line":76},"7":{"name":"isAuthenticationError","decl":{"start":{"line":80,"column":16},"end":{"line":80,"column":38}},"loc":{"start":{"line":80,"column":84},"end":{"line":82,"column":null}},"line":80},"8":{"name":"getErrorMessage","decl":{"start":{"line":87,"column":16},"end":{"line":87,"column":32}},"loc":{"start":{"line":87,"column":56},"end":{"line":95,"column":null}},"line":87}},"branchMap":{"0":{"loc":{"start":{"line":14,"column":20},"end":{"line":14,"column":null}},"type":"default-arg","locations":[{"start":{"line":14,"column":41},"end":{"line":14,"column":null}}],"line":14},"1":{"loc":{"start":{"line":27,"column":4},"end":{"line":27,"column":null}},"type":"default-arg","locations":[{"start":{"line":27,"column":22},"end":{"line":27,"column":null}}],"line":27},"2":{"loc":{"start":{"line":40,"column":14},"end":{"line":40,"column":59}},"type":"default-arg","locations":[{"start":{"line":40,"column":32},"end":{"line":40,"column":59}}],"line":40},"3":{"loc":{"start":{"line":50,"column":14},"end":{"line":50,"column":80}},"type":"default-arg","locations":[{"start":{"line":50,"column":32},"end":{"line":50,"column":80}}],"line":50},"4":{"loc":{"start":{"line":62,"column":20},"end":{"line":62,"column":null}},"type":"default-arg","locations":[{"start":{"line":62,"column":43},"end":{"line":62,"column":null}}],"line":62},"5":{"loc":{"start":{"line":88,"column":2},"end":{"line":90,"column":null}},"type":"if","locations":[{"start":{"line":88,"column":2},"end":{"line":90,"column":null}},{"start":{},"end":{}}],"line":88},"6":{"loc":{"start":{"line":91,"column":2},"end":{"line":93,"column":null}},"type":"if","locations":[{"start":{"line":91,"column":2},"end":{"line":93,"column":null}},{"start":{},"end":{}}],"line":91}},"s":{"0":3,"1":3,"2":3,"3":3,"4":1,"5":1,"6":1,"7":0,"8":0,"9":0,"10":0,"11":0,"12":0,"13":0,"14":0,"15":0,"16":0,"17":0,"18":0,"19":0,"20":0,"21":0,"22":0},"f":{"0":3,"1":1,"2":0,"3":0,"4":0,"5":0,"6":0,"7":0,"8":0},"b":{"0":[3],"1":[1],"2":[0],"3":[0],"4":[0],"5":[0,0],"6":[0,0]},"meta":{"lastBranch":7,"lastFunction":9,"lastStatement":23,"seen":{"f:11:2:11:Infinity":0,"b:14:41:14:Infinity":0,"s:16:4:16:Infinity":0,"s:13:20:13:Infinity":1,"s:14:20:14:41":2,"s:17:4:17:Infinity":3,"f:25:2:25:Infinity":1,"b:27:22:27:Infinity":1,"s:29:4:29:Infinity":4,"s:26:20:26:Infinity":5,"s:30:4:30:Infinity":6,"s:38:35:38:Infinity":7,"f:40:2:40:14":2,"b:40:32:40:59":2,"s:41:4:41:Infinity":8,"s:42:4:42:Infinity":9,"f:50:2:50:14":3,"b:50:32:50:80":3,"s:51:4:51:Infinity":10,"s:52:4:52:Infinity":11,"f:60:2:60:Infinity":4,"b:62:43:62:Infinity":4,"s:64:4:64:Infinity":12,"s:62:20:62:43":13,"s:65:4:65:Infinity":14,"f:72:16:72:34":5,"s:73:2:73:Infinity":15,"f:76:16:76:33":6,"s:77:2:77:Infinity":16,"f:80:16:80:38":7,"s:81:2:81:Infinity":17,"f:87:16:87:32":8,"b:88:2:90:Infinity:undefined:undefined:undefined:undefined":5,"s:88:2:90:Infinity":18,"s:89:4:89:Infinity":19,"b:91:2:93:Infinity:undefined:undefined:undefined:undefined":6,"s:91:2:93:Infinity":20,"s:92:4:92:Infinity":21,"s:94:2:94:Infinity":22}}}
,"/Users/iant/dev/are-my-favourites-popular/src/utils/logger.ts": {"path":"/Users/iant/dev/are-my-favourites-popular/src/utils/logger.ts","statementMap":{"0":{"start":{"line":14,"column":14},"end":{"line":14,"column":null}},"1":{"start":{"line":20,"column":17},"end":{"line":20,"column":null}},"2":{"start":{"line":22,"column":2},"end":{"line":68,"column":null}},"3":{"start":{"line":28,"column":6},"end":{"line":30,"column":null}},"4":{"start":{"line":29,"column":8},"end":{"line":29,"column":null}},"5":{"start":{"line":38,"column":6},"end":{"line":40,"column":null}},"6":{"start":{"line":39,"column":8},"end":{"line":39,"column":null}},"7":{"start":{"line":48,"column":6},"end":{"line":50,"column":null}},"8":{"start":{"line":49,"column":8},"end":{"line":49,"column":null}},"9":{"start":{"line":58,"column":6},"end":{"line":58,"column":null}},"10":{"start":{"line":66,"column":6},"end":{"line":66,"column":null}},"11":{"start":{"line":72,"column":22},"end":{"line":72,"column":null}},"12":{"start":{"line":75,"column":23},"end":{"line":81,"column":null}}},"fnMap":{"0":{"name":"createLogger","decl":{"start":{"line":19,"column":9},"end":{"line":19,"column":22}},"loc":{"start":{"line":19,"column":51},"end":{"line":69,"column":null}},"line":19},"1":{"name":"(anonymous_1)","decl":{"start":{"line":27,"column":11},"end":{"line":27,"column":15}},"loc":{"start":{"line":27,"column":41},"end":{"line":31,"column":null}},"line":27},"2":{"name":"(anonymous_2)","decl":{"start":{"line":37,"column":10},"end":{"line":37,"column":14}},"loc":{"start":{"line":37,"column":40},"end":{"line":41,"column":null}},"line":37},"3":{"name":"(anonymous_3)","decl":{"start":{"line":47,"column":9},"end":{"line":47,"column":13}},"loc":{"start":{"line":47,"column":39},"end":{"line":51,"column":null}},"line":47},"4":{"name":"(anonymous_4)","decl":{"start":{"line":57,"column":10},"end":{"line":57,"column":14}},"loc":{"start":{"line":57,"column":40},"end":{"line":59,"column":null}},"line":57},"5":{"name":"(anonymous_5)","decl":{"start":{"line":65,"column":11},"end":{"line":65,"column":15}},"loc":{"start":{"line":65,"column":41},"end":{"line":67,"column":null}},"line":65}},"branchMap":{"0":{"loc":{"start":{"line":19,"column":22},"end":{"line":19,"column":51}},"type":"default-arg","locations":[{"start":{"line":19,"column":47},"end":{"line":19,"column":51}}],"line":19},"1":{"loc":{"start":{"line":20,"column":17},"end":{"line":20,"column":null}},"type":"cond-expr","locations":[{"start":{"line":20,"column":34},"end":{"line":20,"column":58}},{"start":{"line":20,"column":58},"end":{"line":20,"column":null}}],"line":20},"2":{"loc":{"start":{"line":28,"column":6},"end":{"line":30,"column":null}},"type":"if","locations":[{"start":{"line":28,"column":6},"end":{"line":30,"column":null}},{"start":{},"end":{}}],"line":28},"3":{"loc":{"start":{"line":38,"column":6},"end":{"line":40,"column":null}},"type":"if","locations":[{"start":{"line":38,"column":6},"end":{"line":40,"column":null}},{"start":{},"end":{}}],"line":38},"4":{"loc":{"start":{"line":48,"column":6},"end":{"line":50,"column":null}},"type":"if","locations":[{"start":{"line":48,"column":6},"end":{"line":50,"column":null}},{"start":{},"end":{}}],"line":48}},"s":{"0":2,"1":12,"2":12,"3":0,"4":0,"5":0,"6":0,"7":0,"8":0,"9":10,"10":0,"11":2,"12":2},"f":{"0":12,"1":0,"2":0,"3":0,"4":10,"5":0},"b":{"0":[12],"1":[10,2],"2":[0,0],"3":[0,0],"4":[0,0]},"meta":{"lastBranch":5,"lastFunction":6,"lastStatement":13,"seen":{"s:14:14:14:Infinity":0,"f:19:9:19:22":0,"b:19:47:19:51":0,"s:20:17:20:Infinity":1,"b:20:34:20:58:20:58:20:Infinity":1,"s:22:2:68:Infinity":2,"f:27:11:27:15":1,"b:28:6:30:Infinity:undefined:undefined:undefined:undefined":2,"s:28:6:30:Infinity":3,"s:29:8:29:Infinity":4,"f:37:10:37:14":2,"b:38:6:40:Infinity:undefined:undefined:undefined:undefined":3,"s:38:6:40:Infinity":5,"s:39:8:39:Infinity":6,"f:47:9:47:13":3,"b:48:6:50:Infinity:undefined:undefined:undefined:undefined":4,"s:48:6:50:Infinity":7,"s:49:8:49:Infinity":8,"f:57:10:57:14":4,"s:58:6:58:Infinity":9,"f:65:11:65:15":5,"s:66:6:66:Infinity":10,"s:72:22:72:Infinity":11,"s:75:23:81:Infinity":12}}}
}
